04-10 10:50:28 com_github_MitjaNemec_ReplicateLayout.action_replicate_layout 409:Plugin executed on: 'linux'
04-10 10:50:28 com_github_MitjaNemec_ReplicateLayout.action_replicate_layout 410:Plugin executed with python version: '3.12.3 (main, Mar  3 2026, 12:15:18) [GCC 13.3.0]'
04-10 10:50:28 com_github_MitjaNemec_ReplicateLayout.action_replicate_layout 411:KiCad build version: 9.0.8-9.0.8~ubuntu24.04.1
04-10 10:50:28 com_github_MitjaNemec_ReplicateLayout.action_replicate_layout 412:Plugin version: 4.0.3
04-10 10:50:28 com_github_MitjaNemec_ReplicateLayout.action_replicate_layout 413:Frame repr: <wx._core.Frame object at 0x723e819a03b0>
04-10 10:50:28 com_github_MitjaNemec_ReplicateLayout.action_replicate_layout 437:Preparing replicator with R402 as a reference
04-10 10:50:28 com_github_MitjaNemec_ReplicateLayout.replicate_layout 117:getting a list of all footprints on board
04-10 10:50:28 com_github_MitjaNemec_ReplicateLayout.action_replicate_layout 485:source anchor footprint is 'R402'
Located on: ['/Transmitter/', '/Transmitter/Push1 Driver/']
With filenames: ['tx.kicad_sch', 'phase-driver.kicad_sch']
With sheet_id:['/Transmitter/', '/Transmitter/Push1 Driver/']
04-10 10:50:28 com_github_MitjaNemec_ReplicateLayout.action_replicate_layout 492:Corresponding footprints are 
[('R402', ['/Transmitter/', '/Transmitter/Push1 Driver/']), ('R502', ['/Transmitter/', '/Transmitter/Push2 Driver/']), ('R602', ['/Transmitter/', '/Transmitter/Pull1 Driver/']), ('R702', ['/Transmitter/', '/Transmitter/Pull2 Driver/'])]
04-10 10:50:28 com_github_MitjaNemec_ReplicateLayout.action_replicate_layout 504:Showing dialog
04-10 10:50:28 com_github_MitjaNemec_ReplicateLayout.replicate_layout 472:constructing a list of sheets suitable for replication on level:'/Transmitter/Push1 Driver/', file:'phase-driver.kicad_sch'
04-10 10:50:28 com_github_MitjaNemec_ReplicateLayout.replicate_layout 509:suitable sheets are:[['/Transmitter/', '/Transmitter/Pull1 Driver/'], ['/Transmitter/', '/Transmitter/Pull2 Driver/'], ['/Transmitter/', '/Transmitter/Push2 Driver/']]
04-10 10:50:28 com_github_MitjaNemec_ReplicateLayout.replicate_layout 1512:Level selected: ['/Transmitter/', '/Transmitter/Push1 Driver/']
04-10 10:50:28 com_github_MitjaNemec_ReplicateLayout.replicate_layout 1336:Filtering list of tracks
04-10 10:50:28 com_github_MitjaNemec_ReplicateLayout.action_replicate_layout 510:Toolbar position: wx.Point(3406, 93)
04-10 10:50:28 com_github_MitjaNemec_ReplicateLayout.action_replicate_layout 515:Dialog position: wx.Point(2967, 93)
04-10 10:50:31 com_github_MitjaNemec_ReplicateLayout.replicate_layout 472:constructing a list of sheets suitable for replication on level:'/Transmitter/Push1 Driver/', file:'phase-driver.kicad_sch'
04-10 10:50:31 com_github_MitjaNemec_ReplicateLayout.replicate_layout 509:suitable sheets are:[['/Transmitter/', '/Transmitter/Pull1 Driver/'], ['/Transmitter/', '/Transmitter/Pull2 Driver/'], ['/Transmitter/', '/Transmitter/Push2 Driver/']]
04-10 10:50:31 com_github_MitjaNemec_ReplicateLayout.action_replicate_layout 248:Replicating layout
04-10 10:50:31 com_github_MitjaNemec_ReplicateLayout.replicate_layout 288:Starting replication of sheets: [['/Transmitter/', '/Transmitter/Pull1 Driver/'], ['/Transmitter/', '/Transmitter/Pull2 Driver/'], ['/Transmitter/', '/Transmitter/Push2 Driver/']]
on level: ['/Transmitter/', '/Transmitter/Push1 Driver/']
with tracks=True, zone=True, text=True, text=True, intersecting=False, remove=False, locked footprints=False, group_only=False
04-10 10:50:31 root 340:updating GUI message: 'Preparing for replication'
04-10 10:50:32 root 345:updating GUI with: 0
04-10 10:50:32 com_github_MitjaNemec_ReplicateLayout.replicate_layout 358:Getting the list of source footprints
04-10 10:50:32 root 345:updating GUI with: 0
04-10 10:50:32 com_github_MitjaNemec_ReplicateLayout.replicate_layout 368:Getting the list of all the remaining footprints
04-10 10:50:32 com_github_MitjaNemec_ReplicateLayout.replicate_layout 375:Getting source tracks
04-10 10:50:32 com_github_MitjaNemec_ReplicateLayout.replicate_layout 1336:Filtering list of tracks
04-10 10:50:32 com_github_MitjaNemec_ReplicateLayout.replicate_layout 379:Getting source zones
04-10 10:50:32 com_github_MitjaNemec_ReplicateLayout.replicate_layout 383:Getting source text items
04-10 10:50:32 root 345:updating GUI with: 66
04-10 10:50:32 com_github_MitjaNemec_ReplicateLayout.replicate_layout 387:Getting source drawing items
04-10 10:50:32 root 340:updating GUI message: 'Replicating footprints'
04-10 10:50:32 com_github_MitjaNemec_ReplicateLayout.replicate_layout 863:Replicating footprints
04-10 10:50:32 com_github_MitjaNemec_ReplicateLayout.replicate_layout 870:Replicating footprints on sheet ['/Transmitter/', '/Transmitter/Pull1 Driver/']
04-10 10:50:32 com_github_MitjaNemec_ReplicateLayout.replicate_layout 835:Src fp.id: 'CB956E58-0E61-4462-B9E6-809B7501783F'
04-10 10:50:32 com_github_MitjaNemec_ReplicateLayout.replicate_layout 839:Dst fp.id: 'CB956E58-0E61-4462-B9E6-809B7501783F'
04-10 10:50:32 com_github_MitjaNemec_ReplicateLayout.replicate_layout 888:Replicating footprint: 'Q403'
04-10 10:50:32 root 345:updating GUI with: 2
04-10 10:50:32 com_github_MitjaNemec_ReplicateLayout.replicate_layout 835:Src fp.id: 'C64D823A-821E-47BE-BFF8-788660359042'
04-10 10:50:32 com_github_MitjaNemec_ReplicateLayout.replicate_layout 839:Dst fp.id: 'C64D823A-821E-47BE-BFF8-788660359042'
04-10 10:50:32 com_github_MitjaNemec_ReplicateLayout.replicate_layout 895:found match in dst footprint: 'Q603'
04-10 10:50:32 com_github_MitjaNemec_ReplicateLayout.replicate_layout 990:Src text UUid:56e97bf4-2fb8-4709-bba3-c834ebeafc2f
04-10 10:50:32 com_github_MitjaNemec_ReplicateLayout.replicate_layout 991:Dst text UUid:e48b18ff-6b0b-4590-b5fb-e3992edaf0ae
04-10 10:50:32 com_github_MitjaNemec_ReplicateLayout.replicate_layout 990:Src text UUid:9c77ec1b-2872-4615-8148-e2e3336cba23
04-10 10:50:32 com_github_MitjaNemec_ReplicateLayout.replicate_layout 991:Dst text UUid:3a820241-9d34-474b-820d-36b169275d2e
04-10 10:50:32 com_github_MitjaNemec_ReplicateLayout.replicate_layout 990:Src text UUid:5b0c9200-690d-471b-bff9-f7a974b6d68e
04-10 10:50:32 com_github_MitjaNemec_ReplicateLayout.replicate_layout 991:Dst text UUid:3b36c910-080c-4ab5-9c47-da8be20b6483
04-10 10:50:32 com_github_MitjaNemec_ReplicateLayout.replicate_layout 888:Replicating footprint: 'Q402'
04-10 10:50:32 com_github_MitjaNemec_ReplicateLayout.replicate_layout 835:Src fp.id: '87B7A9E2-73F2-44B2-A727-80AE0FCEA333'
04-10 10:50:32 com_github_MitjaNemec_ReplicateLayout.replicate_layout 839:Dst fp.id: '87B7A9E2-73F2-44B2-A727-80AE0FCEA333'
04-10 10:50:32 com_github_MitjaNemec_ReplicateLayout.replicate_layout 895:found match in dst footprint: 'Q602'
04-10 10:50:32 com_github_MitjaNemec_ReplicateLayout.replicate_layout 990:Src text UUid:25e3b15c-27a2-4bf5-81ec-59564ab99707
04-10 10:50:32 com_github_MitjaNemec_ReplicateLayout.replicate_layout 991:Dst text UUid:01c424fd-72bf-4e81-a62a-48f39536c0b6
04-10 10:50:32 com_github_MitjaNemec_ReplicateLayout.replicate_layout 990:Src text UUid:fd329678-12cf-4105-a1d9-48495cb2bee9
04-10 10:50:32 com_github_MitjaNemec_ReplicateLayout.replicate_layout 991:Dst text UUid:968e5ac6-c53a-4efa-b58d-5a040c7293e8
04-10 10:50:32 com_github_MitjaNemec_ReplicateLayout.replicate_layout 990:Src text UUid:48e1c3aa-2cd5-422f-b205-e115fb4d4f8f
04-10 10:50:32 com_github_MitjaNemec_ReplicateLayout.replicate_layout 991:Dst text UUid:5b972358-e4ec-4ad5-be8a-672dbe63f07e
04-10 10:50:32 com_github_MitjaNemec_ReplicateLayout.replicate_layout 888:Replicating footprint: 'Q401'
04-10 10:50:32 com_github_MitjaNemec_ReplicateLayout.replicate_layout 835:Src fp.id: '1D90E3DA-68C0-4E2B-A9D3-E0E727921E01'
04-10 10:50:32 com_github_MitjaNemec_ReplicateLayout.replicate_layout 839:Dst fp.id: '1D90E3DA-68C0-4E2B-A9D3-E0E727921E01'
04-10 10:50:32 com_github_MitjaNemec_ReplicateLayout.replicate_layout 895:found match in dst footprint: 'Q601'
04-10 10:50:32 com_github_MitjaNemec_ReplicateLayout.replicate_layout 990:Src text UUid:8ca68a6e-8f87-4205-a578-1cb83c34a92a
04-10 10:50:32 com_github_MitjaNemec_ReplicateLayout.replicate_layout 991:Dst text UUid:a0bccc69-1407-4e23-bfcd-c9f0270a74d0
04-10 10:50:32 com_github_MitjaNemec_ReplicateLayout.replicate_layout 990:Src text UUid:ad9abb79-590d-48bc-8495-617a55911239
04-10 10:50:32 com_github_MitjaNemec_ReplicateLayout.replicate_layout 991:Dst text UUid:50d7991b-b7d4-492d-8b18-be789ee4678c
04-10 10:50:32 com_github_MitjaNemec_ReplicateLayout.replicate_layout 990:Src text UUid:d1799aa9-aa7a-45d0-8dd6-4187c2e64232
04-10 10:50:32 com_github_MitjaNemec_ReplicateLayout.replicate_layout 991:Dst text UUid:a49827e4-e901-4d18-86d7-4519906f44e2
04-10 10:50:32 com_github_MitjaNemec_ReplicateLayout.replicate_layout 888:Replicating footprint: 'R402'
04-10 10:50:32 com_github_MitjaNemec_ReplicateLayout.replicate_layout 835:Src fp.id: 'CB956E58-0E61-4462-B9E6-809B7501783F'
04-10 10:50:32 com_github_MitjaNemec_ReplicateLayout.replicate_layout 839:Dst fp.id: 'CB956E58-0E61-4462-B9E6-809B7501783F'
04-10 10:50:32 com_github_MitjaNemec_ReplicateLayout.replicate_layout 895:found match in dst footprint: 'R602'
04-10 10:50:32 com_github_MitjaNemec_ReplicateLayout.replicate_layout 990:Src text UUid:5fe57e0e-c89f-4fc5-8ddb-6a6861536690
04-10 10:50:32 com_github_MitjaNemec_ReplicateLayout.replicate_layout 991:Dst text UUid:9b701021-6d8e-4782-843f-d980cd920b93
04-10 10:50:32 com_github_MitjaNemec_ReplicateLayout.replicate_layout 990:Src text UUid:d5cb4393-44e6-4e2f-b2ac-537865ef381d
04-10 10:50:32 com_github_MitjaNemec_ReplicateLayout.replicate_layout 991:Dst text UUid:48ea6acf-97fd-4de5-a54b-d6084993bc8e
04-10 10:50:32 com_github_MitjaNemec_ReplicateLayout.replicate_layout 990:Src text UUid:1af74317-7a2c-41ea-98a8-597fe04d47ac
04-10 10:50:32 com_github_MitjaNemec_ReplicateLayout.replicate_layout 991:Dst text UUid:8a3a7165-1fe8-4849-80d0-a937ad623dec
04-10 10:50:32 com_github_MitjaNemec_ReplicateLayout.replicate_layout 888:Replicating footprint: 'IC401'
04-10 10:50:32 com_github_MitjaNemec_ReplicateLayout.replicate_layout 835:Src fp.id: '779E32E9-1ADC-45EE-A73F-BCAF78E63F24'
04-10 10:50:32 com_github_MitjaNemec_ReplicateLayout.replicate_layout 839:Dst fp.id: '779E32E9-1ADC-45EE-A73F-BCAF78E63F24'
04-10 10:50:32 com_github_MitjaNemec_ReplicateLayout.replicate_layout 895:found match in dst footprint: 'IC601'
04-10 10:50:32 com_github_MitjaNemec_ReplicateLayout.replicate_layout 990:Src text UUid:a62d0ed5-b891-4c6d-bb04-6443739b3453
04-10 10:50:32 com_github_MitjaNemec_ReplicateLayout.replicate_layout 991:Dst text UUid:56ccebc1-1d2a-4849-8beb-8677bbf824c1
04-10 10:50:32 com_github_MitjaNemec_ReplicateLayout.replicate_layout 990:Src text UUid:6fa5f133-0a05-46c6-a48d-290c85ebef4a
04-10 10:50:32 com_github_MitjaNemec_ReplicateLayout.replicate_layout 991:Dst text UUid:c8ef59c3-f115-4fb2-a178-b5bf783c0e88
04-10 10:50:32 com_github_MitjaNemec_ReplicateLayout.replicate_layout 990:Src text UUid:74f92f7f-b135-408d-8433-5d02d4588997
04-10 10:50:32 com_github_MitjaNemec_ReplicateLayout.replicate_layout 991:Dst text UUid:a7be9da9-94f0-4ecb-9c51-1eb7d5c3c3b9
04-10 10:50:32 com_github_MitjaNemec_ReplicateLayout.replicate_layout 888:Replicating footprint: 'C403'
04-10 10:50:32 com_github_MitjaNemec_ReplicateLayout.replicate_layout 835:Src fp.id: '26210E66-4F27-4386-87E3-04A2C28D0235'
04-10 10:50:32 com_github_MitjaNemec_ReplicateLayout.replicate_layout 839:Dst fp.id: '26210E66-4F27-4386-87E3-04A2C28D0235'
04-10 10:50:32 com_github_MitjaNemec_ReplicateLayout.replicate_layout 895:found match in dst footprint: 'C603'
04-10 10:50:32 com_github_MitjaNemec_ReplicateLayout.replicate_layout 990:Src text UUid:5330e42a-0728-4c06-ba00-4d56cdb0b061
04-10 10:50:32 com_github_MitjaNemec_ReplicateLayout.replicate_layout 991:Dst text UUid:62b961fd-bf78-4631-af4f-7921a8eba23e
04-10 10:50:32 com_github_MitjaNemec_ReplicateLayout.replicate_layout 990:Src text UUid:647deedd-b193-43ec-82a1-09b591941031
04-10 10:50:32 com_github_MitjaNemec_ReplicateLayout.replicate_layout 991:Dst text UUid:cd421f5b-fde5-4d23-800f-99c74bec819e
04-10 10:50:32 com_github_MitjaNemec_ReplicateLayout.replicate_layout 990:Src text UUid:54d2bea8-a06a-4798-94c0-6ca48e35b7a3
04-10 10:50:32 com_github_MitjaNemec_ReplicateLayout.replicate_layout 991:Dst text UUid:e48654f8-42ac-49f5-ad64-d3a7aff70b1a
04-10 10:50:32 com_github_MitjaNemec_ReplicateLayout.replicate_layout 888:Replicating footprint: 'C401'
04-10 10:50:32 com_github_MitjaNemec_ReplicateLayout.replicate_layout 835:Src fp.id: '4C1F20F5-11CB-4951-BD84-1F7CE0576AB2'
04-10 10:50:32 com_github_MitjaNemec_ReplicateLayout.replicate_layout 839:Dst fp.id: '4C1F20F5-11CB-4951-BD84-1F7CE0576AB2'
04-10 10:50:32 com_github_MitjaNemec_ReplicateLayout.replicate_layout 895:found match in dst footprint: 'C601'
04-10 10:50:32 com_github_MitjaNemec_ReplicateLayout.replicate_layout 990:Src text UUid:276cc651-1459-4206-8c34-4ffc5889d220
04-10 10:50:32 com_github_MitjaNemec_ReplicateLayout.replicate_layout 991:Dst text UUid:8808233a-52c0-4eb4-9354-0e4633f2242e
04-10 10:50:32 com_github_MitjaNemec_ReplicateLayout.replicate_layout 990:Src text UUid:b56d2d04-669a-46aa-960b-d7c2d2437a92
04-10 10:50:32 com_github_MitjaNemec_ReplicateLayout.replicate_layout 991:Dst text UUid:bda8c310-1f91-4617-92db-74d25576772f
04-10 10:50:32 com_github_MitjaNemec_ReplicateLayout.replicate_layout 990:Src text UUid:49114a93-3e31-426b-b253-5bbfeca14203
04-10 10:50:32 com_github_MitjaNemec_ReplicateLayout.replicate_layout 991:Dst text UUid:db4c1345-46b9-4809-a4f5-7c8fcc726e8e
04-10 10:50:32 com_github_MitjaNemec_ReplicateLayout.replicate_layout 888:Replicating footprint: 'R403'
04-10 10:50:32 com_github_MitjaNemec_ReplicateLayout.replicate_layout 835:Src fp.id: '5B9F3951-BB21-465D-B020-531F1FB18965'
04-10 10:50:32 com_github_MitjaNemec_ReplicateLayout.replicate_layout 839:Dst fp.id: '5B9F3951-BB21-465D-B020-531F1FB18965'
04-10 10:50:32 com_github_MitjaNemec_ReplicateLayout.replicate_layout 895:found match in dst footprint: 'R603'
04-10 10:50:32 com_github_MitjaNemec_ReplicateLayout.replicate_layout 990:Src text UUid:72a95ef6-7b0d-4825-9e68-53258751b608
04-10 10:50:32 com_github_MitjaNemec_ReplicateLayout.replicate_layout 991:Dst text UUid:e81653ca-f664-47b2-8225-865be93cd90c
04-10 10:50:32 com_github_MitjaNemec_ReplicateLayout.replicate_layout 990:Src text UUid:bb326057-5e8f-44d9-90a5-947975562186
04-10 10:50:32 com_github_MitjaNemec_ReplicateLayout.replicate_layout 991:Dst text UUid:d1b44921-90c2-4e36-9c16-a9b2de6ca454
04-10 10:50:32 com_github_MitjaNemec_ReplicateLayout.replicate_layout 990:Src text UUid:67505d3e-d91b-4400-a073-5f8290dd8f67
04-10 10:50:32 com_github_MitjaNemec_ReplicateLayout.replicate_layout 991:Dst text UUid:4dfa44ca-d738-4f3e-bda3-b0bb599bbe4b
04-10 10:50:32 com_github_MitjaNemec_ReplicateLayout.replicate_layout 888:Replicating footprint: 'D401'
04-10 10:50:32 com_github_MitjaNemec_ReplicateLayout.replicate_layout 835:Src fp.id: '2D7EFD1B-0D0C-46AC-8657-BAC0EEF54AC7'
04-10 10:50:32 com_github_MitjaNemec_ReplicateLayout.replicate_layout 839:Dst fp.id: '2D7EFD1B-0D0C-46AC-8657-BAC0EEF54AC7'
04-10 10:50:32 com_github_MitjaNemec_ReplicateLayout.replicate_layout 895:found match in dst footprint: 'D601'
04-10 10:50:32 com_github_MitjaNemec_ReplicateLayout.replicate_layout 990:Src text UUid:40f20117-d499-4822-a53f-0767ea168506
04-10 10:50:32 com_github_MitjaNemec_ReplicateLayout.replicate_layout 991:Dst text UUid:b35d1553-d587-4cc7-bed2-0ba659a647da
04-10 10:50:32 com_github_MitjaNemec_ReplicateLayout.replicate_layout 990:Src text UUid:98d95c05-e529-4764-88db-5dd4ed6e6b67
04-10 10:50:32 com_github_MitjaNemec_ReplicateLayout.replicate_layout 991:Dst text UUid:b5d8d759-22d0-440a-b0bb-1a302502b13e
04-10 10:50:32 com_github_MitjaNemec_ReplicateLayout.replicate_layout 990:Src text UUid:2dbc0ec7-aac6-4bd9-b9d2-931e8e41e0f8
04-10 10:50:32 com_github_MitjaNemec_ReplicateLayout.replicate_layout 991:Dst text UUid:1c619560-a49f-484e-8bd8-c6245a777862
04-10 10:50:32 com_github_MitjaNemec_ReplicateLayout.replicate_layout 888:Replicating footprint: 'C402'
04-10 10:50:32 com_github_MitjaNemec_ReplicateLayout.replicate_layout 835:Src fp.id: '71E82C7B-C381-48A9-B4A7-CBC5725BBAE4'
04-10 10:50:32 com_github_MitjaNemec_ReplicateLayout.replicate_layout 839:Dst fp.id: '71E82C7B-C381-48A9-B4A7-CBC5725BBAE4'
04-10 10:50:32 com_github_MitjaNemec_ReplicateLayout.replicate_layout 895:found match in dst footprint: 'C602'
04-10 10:50:32 com_github_MitjaNemec_ReplicateLayout.replicate_layout 990:Src text UUid:285b95e7-819e-43a3-a002-b3f915c56fd5
04-10 10:50:32 com_github_MitjaNemec_ReplicateLayout.replicate_layout 991:Dst text UUid:f3b94fd7-6ad7-4fa3-a3c0-dd13ad27acf7
04-10 10:50:32 com_github_MitjaNemec_ReplicateLayout.replicate_layout 990:Src text UUid:b0e8f524-5992-4000-b71b-9f8b0a02a996
04-10 10:50:32 com_github_MitjaNemec_ReplicateLayout.replicate_layout 991:Dst text UUid:b523ec85-9b97-456a-8d82-12cd6842d4e7
04-10 10:50:32 com_github_MitjaNemec_ReplicateLayout.replicate_layout 990:Src text UUid:b72138d4-8c0a-4ba3-a584-257e99377d70
04-10 10:50:32 com_github_MitjaNemec_ReplicateLayout.replicate_layout 991:Dst text UUid:807cc908-c877-4bf5-8462-b3387726927d
04-10 10:50:32 com_github_MitjaNemec_ReplicateLayout.replicate_layout 888:Replicating footprint: 'IC402'
04-10 10:50:32 com_github_MitjaNemec_ReplicateLayout.replicate_layout 835:Src fp.id: 'D0BDC238-DF8C-4C16-A9C6-6693069A9C87'
04-10 10:50:32 com_github_MitjaNemec_ReplicateLayout.replicate_layout 839:Dst fp.id: 'D0BDC238-DF8C-4C16-A9C6-6693069A9C87'
04-10 10:50:32 com_github_MitjaNemec_ReplicateLayout.replicate_layout 895:found match in dst footprint: 'IC602'
04-10 10:50:32 com_github_MitjaNemec_ReplicateLayout.replicate_layout 990:Src text UUid:7e4a7c19-58f0-40b3-bb1e-0de0d0f0c864
04-10 10:50:32 com_github_MitjaNemec_ReplicateLayout.replicate_layout 991:Dst text UUid:b0cffa37-a495-4ef5-a804-4e3f87f72169
04-10 10:50:32 com_github_MitjaNemec_ReplicateLayout.replicate_layout 990:Src text UUid:aafa5bcf-41e0-431a-867f-1978b0c898d3
04-10 10:50:32 com_github_MitjaNemec_ReplicateLayout.replicate_layout 991:Dst text UUid:c419e7ce-1207-4e36-8704-881811a73490
04-10 10:50:32 com_github_MitjaNemec_ReplicateLayout.replicate_layout 990:Src text UUid:08fdff8b-f948-4d4c-a3ef-467ee96a783d
04-10 10:50:32 com_github_MitjaNemec_ReplicateLayout.replicate_layout 991:Dst text UUid:c374b74e-ff0e-42b5-9fe7-358bcfa8dfa0
04-10 10:50:32 com_github_MitjaNemec_ReplicateLayout.replicate_layout 888:Replicating footprint: 'R401'
04-10 10:50:32 com_github_MitjaNemec_ReplicateLayout.replicate_layout 835:Src fp.id: '544BF6E5-DF33-4908-8C6B-AA5D827EC3DE'
04-10 10:50:32 com_github_MitjaNemec_ReplicateLayout.replicate_layout 839:Dst fp.id: '544BF6E5-DF33-4908-8C6B-AA5D827EC3DE'
04-10 10:50:32 com_github_MitjaNemec_ReplicateLayout.replicate_layout 895:found match in dst footprint: 'R601'
04-10 10:50:32 com_github_MitjaNemec_ReplicateLayout.replicate_layout 990:Src text UUid:ef38aa36-c553-4f82-87ee-1443d18bff28
04-10 10:50:32 com_github_MitjaNemec_ReplicateLayout.replicate_layout 991:Dst text UUid:052ffba8-e30d-4dd4-9272-6dc78223b94e
04-10 10:50:32 com_github_MitjaNemec_ReplicateLayout.replicate_layout 990:Src text UUid:8ecb331c-f03e-4fab-88af-864530213fed
04-10 10:50:32 com_github_MitjaNemec_ReplicateLayout.replicate_layout 991:Dst text UUid:7cffc28b-1917-4e57-b54b-6cc784b39699
04-10 10:50:32 com_github_MitjaNemec_ReplicateLayout.replicate_layout 990:Src text UUid:7e681aa6-9cef-4756-9bed-73b75ed34083
04-10 10:50:32 com_github_MitjaNemec_ReplicateLayout.replicate_layout 991:Dst text UUid:5c0c8d6d-5d20-4b61-a789-5c07e7220a11
04-10 10:50:32 com_github_MitjaNemec_ReplicateLayout.replicate_layout 888:Replicating footprint: 'IC403'
04-10 10:50:32 com_github_MitjaNemec_ReplicateLayout.replicate_layout 835:Src fp.id: '281E9CFB-5034-4BEF-8319-5CA04D851C1D'
04-10 10:50:32 com_github_MitjaNemec_ReplicateLayout.replicate_layout 839:Dst fp.id: '281E9CFB-5034-4BEF-8319-5CA04D851C1D'
04-10 10:50:32 com_github_MitjaNemec_ReplicateLayout.replicate_layout 895:found match in dst footprint: 'IC603'
04-10 10:50:32 com_github_MitjaNemec_ReplicateLayout.replicate_layout 990:Src text UUid:1db23861-5d94-456b-90a2-b141127e4372
04-10 10:50:32 com_github_MitjaNemec_ReplicateLayout.replicate_layout 991:Dst text UUid:4b726f9d-8918-4d8a-beff-64b4d2b5ca7d
04-10 10:50:32 com_github_MitjaNemec_ReplicateLayout.replicate_layout 990:Src text UUid:964790ae-8a7a-4c9e-bb6d-5905f6986911
04-10 10:50:32 com_github_MitjaNemec_ReplicateLayout.replicate_layout 991:Dst text UUid:d47dcae7-d3e1-4b1a-91dd-b7284b79d315
04-10 10:50:32 com_github_MitjaNemec_ReplicateLayout.replicate_layout 990:Src text UUid:995628d5-da62-46b7-b194-fef18ccce736
04-10 10:50:32 com_github_MitjaNemec_ReplicateLayout.replicate_layout 991:Dst text UUid:57fc2858-1543-4226-ae3b-984db41b3a42
04-10 10:50:32 com_github_MitjaNemec_ReplicateLayout.replicate_layout 870:Replicating footprints on sheet ['/Transmitter/', '/Transmitter/Pull2 Driver/']
04-10 10:50:32 com_github_MitjaNemec_ReplicateLayout.replicate_layout 835:Src fp.id: 'CB956E58-0E61-4462-B9E6-809B7501783F'
04-10 10:50:32 com_github_MitjaNemec_ReplicateLayout.replicate_layout 839:Dst fp.id: 'CB956E58-0E61-4462-B9E6-809B7501783F'
04-10 10:50:32 com_github_MitjaNemec_ReplicateLayout.replicate_layout 888:Replicating footprint: 'Q403'
04-10 10:50:32 root 345:updating GUI with: 35
04-10 10:50:32 com_github_MitjaNemec_ReplicateLayout.replicate_layout 835:Src fp.id: 'C64D823A-821E-47BE-BFF8-788660359042'
04-10 10:50:32 com_github_MitjaNemec_ReplicateLayout.replicate_layout 839:Dst fp.id: 'C64D823A-821E-47BE-BFF8-788660359042'
04-10 10:50:32 com_github_MitjaNemec_ReplicateLayout.replicate_layout 895:found match in dst footprint: 'Q703'
04-10 10:50:32 com_github_MitjaNemec_ReplicateLayout.replicate_layout 990:Src text UUid:56e97bf4-2fb8-4709-bba3-c834ebeafc2f
04-10 10:50:32 com_github_MitjaNemec_ReplicateLayout.replicate_layout 991:Dst text UUid:3b1f3f48-e495-4c0c-86e4-e1a2abccaa14
04-10 10:50:32 com_github_MitjaNemec_ReplicateLayout.replicate_layout 990:Src text UUid:9c77ec1b-2872-4615-8148-e2e3336cba23
04-10 10:50:32 com_github_MitjaNemec_ReplicateLayout.replicate_layout 991:Dst text UUid:29ec8009-3508-461d-a390-e686b01add78
04-10 10:50:32 com_github_MitjaNemec_ReplicateLayout.replicate_layout 990:Src text UUid:5b0c9200-690d-471b-bff9-f7a974b6d68e
04-10 10:50:32 com_github_MitjaNemec_ReplicateLayout.replicate_layout 991:Dst text UUid:9c466e91-25a0-4ad8-95b2-471333e75c64
04-10 10:50:32 com_github_MitjaNemec_ReplicateLayout.replicate_layout 888:Replicating footprint: 'Q402'
04-10 10:50:32 com_github_MitjaNemec_ReplicateLayout.replicate_layout 835:Src fp.id: '87B7A9E2-73F2-44B2-A727-80AE0FCEA333'
04-10 10:50:32 com_github_MitjaNemec_ReplicateLayout.replicate_layout 839:Dst fp.id: '87B7A9E2-73F2-44B2-A727-80AE0FCEA333'
04-10 10:50:32 com_github_MitjaNemec_ReplicateLayout.replicate_layout 895:found match in dst footprint: 'Q702'
04-10 10:50:32 com_github_MitjaNemec_ReplicateLayout.replicate_layout 990:Src text UUid:25e3b15c-27a2-4bf5-81ec-59564ab99707
04-10 10:50:32 com_github_MitjaNemec_ReplicateLayout.replicate_layout 991:Dst text UUid:e6defee6-8e85-4ce2-a184-94347ac3ec2c
04-10 10:50:32 com_github_MitjaNemec_ReplicateLayout.replicate_layout 990:Src text UUid:fd329678-12cf-4105-a1d9-48495cb2bee9
04-10 10:50:32 com_github_MitjaNemec_ReplicateLayout.replicate_layout 991:Dst text UUid:be4ee095-fad6-4b86-b221-35683fbd1873
04-10 10:50:32 com_github_MitjaNemec_ReplicateLayout.replicate_layout 990:Src text UUid:48e1c3aa-2cd5-422f-b205-e115fb4d4f8f
04-10 10:50:32 com_github_MitjaNemec_ReplicateLayout.replicate_layout 991:Dst text UUid:a631b06a-68a4-4799-90e1-71972f0c1f2d
04-10 10:50:32 com_github_MitjaNemec_ReplicateLayout.replicate_layout 888:Replicating footprint: 'Q401'
04-10 10:50:32 com_github_MitjaNemec_ReplicateLayout.replicate_layout 835:Src fp.id: '1D90E3DA-68C0-4E2B-A9D3-E0E727921E01'
04-10 10:50:32 com_github_MitjaNemec_ReplicateLayout.replicate_layout 839:Dst fp.id: '1D90E3DA-68C0-4E2B-A9D3-E0E727921E01'
04-10 10:50:32 com_github_MitjaNemec_ReplicateLayout.replicate_layout 895:found match in dst footprint: 'Q701'
04-10 10:50:32 com_github_MitjaNemec_ReplicateLayout.replicate_layout 990:Src text UUid:8ca68a6e-8f87-4205-a578-1cb83c34a92a
04-10 10:50:32 com_github_MitjaNemec_ReplicateLayout.replicate_layout 991:Dst text UUid:1e1b46af-afc4-40af-b34f-d893a88fcfe1
04-10 10:50:32 com_github_MitjaNemec_ReplicateLayout.replicate_layout 990:Src text UUid:ad9abb79-590d-48bc-8495-617a55911239
04-10 10:50:32 com_github_MitjaNemec_ReplicateLayout.replicate_layout 991:Dst text UUid:00c32ab1-7041-44de-8bad-a1166d01024e
04-10 10:50:32 com_github_MitjaNemec_ReplicateLayout.replicate_layout 990:Src text UUid:d1799aa9-aa7a-45d0-8dd6-4187c2e64232
04-10 10:50:32 com_github_MitjaNemec_ReplicateLayout.replicate_layout 991:Dst text UUid:24a4d15f-9533-4249-8cdf-63123fed6dca
04-10 10:50:32 com_github_MitjaNemec_ReplicateLayout.replicate_layout 888:Replicating footprint: 'R402'
04-10 10:50:32 com_github_MitjaNemec_ReplicateLayout.replicate_layout 835:Src fp.id: 'CB956E58-0E61-4462-B9E6-809B7501783F'
04-10 10:50:32 com_github_MitjaNemec_ReplicateLayout.replicate_layout 839:Dst fp.id: 'CB956E58-0E61-4462-B9E6-809B7501783F'
04-10 10:50:32 com_github_MitjaNemec_ReplicateLayout.replicate_layout 895:found match in dst footprint: 'R702'
04-10 10:50:32 com_github_MitjaNemec_ReplicateLayout.replicate_layout 990:Src text UUid:5fe57e0e-c89f-4fc5-8ddb-6a6861536690
04-10 10:50:32 com_github_MitjaNemec_ReplicateLayout.replicate_layout 991:Dst text UUid:9912916f-8164-49e1-b40a-b76c02c74183
04-10 10:50:32 com_github_MitjaNemec_ReplicateLayout.replicate_layout 990:Src text UUid:d5cb4393-44e6-4e2f-b2ac-537865ef381d
04-10 10:50:32 com_github_MitjaNemec_ReplicateLayout.replicate_layout 991:Dst text UUid:5eaa29c3-c3dc-4037-871b-7f0f193f5e1e
04-10 10:50:32 com_github_MitjaNemec_ReplicateLayout.replicate_layout 990:Src text UUid:1af74317-7a2c-41ea-98a8-597fe04d47ac
04-10 10:50:32 com_github_MitjaNemec_ReplicateLayout.replicate_layout 991:Dst text UUid:331adab0-8b76-4dd7-b017-55541d9d0fa5
04-10 10:50:32 com_github_MitjaNemec_ReplicateLayout.replicate_layout 888:Replicating footprint: 'IC401'
04-10 10:50:32 com_github_MitjaNemec_ReplicateLayout.replicate_layout 835:Src fp.id: '779E32E9-1ADC-45EE-A73F-BCAF78E63F24'
04-10 10:50:32 com_github_MitjaNemec_ReplicateLayout.replicate_layout 839:Dst fp.id: '779E32E9-1ADC-45EE-A73F-BCAF78E63F24'
04-10 10:50:32 com_github_MitjaNemec_ReplicateLayout.replicate_layout 895:found match in dst footprint: 'IC701'
04-10 10:50:32 com_github_MitjaNemec_ReplicateLayout.replicate_layout 990:Src text UUid:a62d0ed5-b891-4c6d-bb04-6443739b3453
04-10 10:50:32 com_github_MitjaNemec_ReplicateLayout.replicate_layout 991:Dst text UUid:71050921-9453-4a38-9044-ed8f130359a6
04-10 10:50:32 com_github_MitjaNemec_ReplicateLayout.replicate_layout 990:Src text UUid:6fa5f133-0a05-46c6-a48d-290c85ebef4a
04-10 10:50:32 com_github_MitjaNemec_ReplicateLayout.replicate_layout 991:Dst text UUid:8a8d032b-3c93-4f3a-9ad8-396ebaaef02a
04-10 10:50:32 com_github_MitjaNemec_ReplicateLayout.replicate_layout 990:Src text UUid:74f92f7f-b135-408d-8433-5d02d4588997
04-10 10:50:32 com_github_MitjaNemec_ReplicateLayout.replicate_layout 991:Dst text UUid:6c94f748-fe91-4848-9608-597e2fa71954
04-10 10:50:32 com_github_MitjaNemec_ReplicateLayout.replicate_layout 888:Replicating footprint: 'C403'
04-10 10:50:32 com_github_MitjaNemec_ReplicateLayout.replicate_layout 835:Src fp.id: '26210E66-4F27-4386-87E3-04A2C28D0235'
04-10 10:50:32 com_github_MitjaNemec_ReplicateLayout.replicate_layout 839:Dst fp.id: '26210E66-4F27-4386-87E3-04A2C28D0235'
04-10 10:50:32 com_github_MitjaNemec_ReplicateLayout.replicate_layout 895:found match in dst footprint: 'C703'
04-10 10:50:32 com_github_MitjaNemec_ReplicateLayout.replicate_layout 990:Src text UUid:5330e42a-0728-4c06-ba00-4d56cdb0b061
04-10 10:50:32 com_github_MitjaNemec_ReplicateLayout.replicate_layout 991:Dst text UUid:9d07ca55-bc60-43b8-b304-bba18307e330
04-10 10:50:32 com_github_MitjaNemec_ReplicateLayout.replicate_layout 990:Src text UUid:647deedd-b193-43ec-82a1-09b591941031
04-10 10:50:32 com_github_MitjaNemec_ReplicateLayout.replicate_layout 991:Dst text UUid:9e44f6fb-65ee-427e-bfc9-1f1f17698331
04-10 10:50:32 com_github_MitjaNemec_ReplicateLayout.replicate_layout 990:Src text UUid:54d2bea8-a06a-4798-94c0-6ca48e35b7a3
04-10 10:50:32 com_github_MitjaNemec_ReplicateLayout.replicate_layout 991:Dst text UUid:5f3fdd0e-2f59-4560-a331-a0a61fc0c242
04-10 10:50:32 com_github_MitjaNemec_ReplicateLayout.replicate_layout 888:Replicating footprint: 'C401'
04-10 10:50:32 com_github_MitjaNemec_ReplicateLayout.replicate_layout 835:Src fp.id: '4C1F20F5-11CB-4951-BD84-1F7CE0576AB2'
04-10 10:50:32 com_github_MitjaNemec_ReplicateLayout.replicate_layout 839:Dst fp.id: '4C1F20F5-11CB-4951-BD84-1F7CE0576AB2'
04-10 10:50:32 com_github_MitjaNemec_ReplicateLayout.replicate_layout 895:found match in dst footprint: 'C701'
04-10 10:50:32 com_github_MitjaNemec_ReplicateLayout.replicate_layout 990:Src text UUid:276cc651-1459-4206-8c34-4ffc5889d220
04-10 10:50:32 com_github_MitjaNemec_ReplicateLayout.replicate_layout 991:Dst text UUid:1ed835de-bd61-4e85-8003-3e3d10a07302
04-10 10:50:32 com_github_MitjaNemec_ReplicateLayout.replicate_layout 990:Src text UUid:b56d2d04-669a-46aa-960b-d7c2d2437a92
04-10 10:50:32 com_github_MitjaNemec_ReplicateLayout.replicate_layout 991:Dst text UUid:07bd2096-b3ce-4355-ae22-60c9908b9182
04-10 10:50:32 com_github_MitjaNemec_ReplicateLayout.replicate_layout 990:Src text UUid:49114a93-3e31-426b-b253-5bbfeca14203
04-10 10:50:32 com_github_MitjaNemec_ReplicateLayout.replicate_layout 991:Dst text UUid:eb8a96fd-f8e9-4d05-aea9-18ecf35c92da
04-10 10:50:32 com_github_MitjaNemec_ReplicateLayout.replicate_layout 888:Replicating footprint: 'R403'
04-10 10:50:32 com_github_MitjaNemec_ReplicateLayout.replicate_layout 835:Src fp.id: '5B9F3951-BB21-465D-B020-531F1FB18965'
04-10 10:50:32 com_github_MitjaNemec_ReplicateLayout.replicate_layout 839:Dst fp.id: '5B9F3951-BB21-465D-B020-531F1FB18965'
04-10 10:50:32 com_github_MitjaNemec_ReplicateLayout.replicate_layout 895:found match in dst footprint: 'R703'
04-10 10:50:32 com_github_MitjaNemec_ReplicateLayout.replicate_layout 990:Src text UUid:72a95ef6-7b0d-4825-9e68-53258751b608
04-10 10:50:32 com_github_MitjaNemec_ReplicateLayout.replicate_layout 991:Dst text UUid:65b251a7-a83b-4ff6-bf4a-89750e712113
04-10 10:50:32 com_github_MitjaNemec_ReplicateLayout.replicate_layout 990:Src text UUid:bb326057-5e8f-44d9-90a5-947975562186
04-10 10:50:32 com_github_MitjaNemec_ReplicateLayout.replicate_layout 991:Dst text UUid:8094a2f9-7385-4c96-8b00-8a0307abba62
04-10 10:50:32 com_github_MitjaNemec_ReplicateLayout.replicate_layout 990:Src text UUid:67505d3e-d91b-4400-a073-5f8290dd8f67
04-10 10:50:32 com_github_MitjaNemec_ReplicateLayout.replicate_layout 991:Dst text UUid:68f7a5e9-3e44-4298-b31f-767497c1670d
04-10 10:50:32 com_github_MitjaNemec_ReplicateLayout.replicate_layout 888:Replicating footprint: 'D401'
04-10 10:50:32 com_github_MitjaNemec_ReplicateLayout.replicate_layout 835:Src fp.id: '2D7EFD1B-0D0C-46AC-8657-BAC0EEF54AC7'
04-10 10:50:32 com_github_MitjaNemec_ReplicateLayout.replicate_layout 839:Dst fp.id: '2D7EFD1B-0D0C-46AC-8657-BAC0EEF54AC7'
04-10 10:50:32 com_github_MitjaNemec_ReplicateLayout.replicate_layout 895:found match in dst footprint: 'D701'
04-10 10:50:32 com_github_MitjaNemec_ReplicateLayout.replicate_layout 990:Src text UUid:40f20117-d499-4822-a53f-0767ea168506
04-10 10:50:32 com_github_MitjaNemec_ReplicateLayout.replicate_layout 991:Dst text UUid:2896691c-ca42-4590-83b1-9e0b8be0ed49
04-10 10:50:32 com_github_MitjaNemec_ReplicateLayout.replicate_layout 990:Src text UUid:98d95c05-e529-4764-88db-5dd4ed6e6b67
04-10 10:50:32 com_github_MitjaNemec_ReplicateLayout.replicate_layout 991:Dst text UUid:ab11d8c1-f4f5-4484-9149-550878912d3f
04-10 10:50:32 com_github_MitjaNemec_ReplicateLayout.replicate_layout 990:Src text UUid:2dbc0ec7-aac6-4bd9-b9d2-931e8e41e0f8
04-10 10:50:32 com_github_MitjaNemec_ReplicateLayout.replicate_layout 991:Dst text UUid:8cc19d9f-2f06-45d8-9bb8-2fbd77763ddc
04-10 10:50:32 com_github_MitjaNemec_ReplicateLayout.replicate_layout 888:Replicating footprint: 'C402'
04-10 10:50:32 com_github_MitjaNemec_ReplicateLayout.replicate_layout 835:Src fp.id: '71E82C7B-C381-48A9-B4A7-CBC5725BBAE4'
04-10 10:50:32 com_github_MitjaNemec_ReplicateLayout.replicate_layout 839:Dst fp.id: '71E82C7B-C381-48A9-B4A7-CBC5725BBAE4'
04-10 10:50:32 com_github_MitjaNemec_ReplicateLayout.replicate_layout 895:found match in dst footprint: 'C702'
04-10 10:50:32 com_github_MitjaNemec_ReplicateLayout.replicate_layout 990:Src text UUid:285b95e7-819e-43a3-a002-b3f915c56fd5
04-10 10:50:32 com_github_MitjaNemec_ReplicateLayout.replicate_layout 991:Dst text UUid:f5e05d20-dc94-44e7-89b8-ce2ece2c3d86
04-10 10:50:32 com_github_MitjaNemec_ReplicateLayout.replicate_layout 990:Src text UUid:b0e8f524-5992-4000-b71b-9f8b0a02a996
04-10 10:50:32 com_github_MitjaNemec_ReplicateLayout.replicate_layout 991:Dst text UUid:3ce255f7-0ed8-4d69-b626-11c978a8ebef
04-10 10:50:32 com_github_MitjaNemec_ReplicateLayout.replicate_layout 990:Src text UUid:b72138d4-8c0a-4ba3-a584-257e99377d70
04-10 10:50:32 com_github_MitjaNemec_ReplicateLayout.replicate_layout 991:Dst text UUid:88cc0ea3-01c8-462c-8584-a9a0d996171b
04-10 10:50:32 com_github_MitjaNemec_ReplicateLayout.replicate_layout 888:Replicating footprint: 'IC402'
04-10 10:50:32 com_github_MitjaNemec_ReplicateLayout.replicate_layout 835:Src fp.id: 'D0BDC238-DF8C-4C16-A9C6-6693069A9C87'
04-10 10:50:32 com_github_MitjaNemec_ReplicateLayout.replicate_layout 839:Dst fp.id: 'D0BDC238-DF8C-4C16-A9C6-6693069A9C87'
04-10 10:50:32 com_github_MitjaNemec_ReplicateLayout.replicate_layout 895:found match in dst footprint: 'IC702'
04-10 10:50:32 com_github_MitjaNemec_ReplicateLayout.replicate_layout 990:Src text UUid:7e4a7c19-58f0-40b3-bb1e-0de0d0f0c864
04-10 10:50:32 com_github_MitjaNemec_ReplicateLayout.replicate_layout 991:Dst text UUid:9a9f7b09-46ce-481e-a60b-1d8f59c81d89
04-10 10:50:32 com_github_MitjaNemec_ReplicateLayout.replicate_layout 990:Src text UUid:aafa5bcf-41e0-431a-867f-1978b0c898d3
04-10 10:50:32 com_github_MitjaNemec_ReplicateLayout.replicate_layout 991:Dst text UUid:559c8032-f81a-4bb6-93f8-301b3c7a68ea
04-10 10:50:32 com_github_MitjaNemec_ReplicateLayout.replicate_layout 990:Src text UUid:08fdff8b-f948-4d4c-a3ef-467ee96a783d
04-10 10:50:32 com_github_MitjaNemec_ReplicateLayout.replicate_layout 991:Dst text UUid:37efa55b-f119-4064-9de0-2117cf07563b
04-10 10:50:32 com_github_MitjaNemec_ReplicateLayout.replicate_layout 888:Replicating footprint: 'R401'
04-10 10:50:32 com_github_MitjaNemec_ReplicateLayout.replicate_layout 835:Src fp.id: '544BF6E5-DF33-4908-8C6B-AA5D827EC3DE'
04-10 10:50:32 com_github_MitjaNemec_ReplicateLayout.replicate_layout 839:Dst fp.id: '544BF6E5-DF33-4908-8C6B-AA5D827EC3DE'
04-10 10:50:32 com_github_MitjaNemec_ReplicateLayout.replicate_layout 895:found match in dst footprint: 'R701'
04-10 10:50:32 com_github_MitjaNemec_ReplicateLayout.replicate_layout 990:Src text UUid:ef38aa36-c553-4f82-87ee-1443d18bff28
04-10 10:50:32 com_github_MitjaNemec_ReplicateLayout.replicate_layout 991:Dst text UUid:8d58403e-7b09-4f6a-98bb-a2a83ade5fc5
04-10 10:50:32 com_github_MitjaNemec_ReplicateLayout.replicate_layout 990:Src text UUid:8ecb331c-f03e-4fab-88af-864530213fed
04-10 10:50:32 com_github_MitjaNemec_ReplicateLayout.replicate_layout 991:Dst text UUid:a8b1371c-8d53-4bdd-a76d-b243a860f9cc
04-10 10:50:32 com_github_MitjaNemec_ReplicateLayout.replicate_layout 990:Src text UUid:7e681aa6-9cef-4756-9bed-73b75ed34083
04-10 10:50:32 com_github_MitjaNemec_ReplicateLayout.replicate_layout 991:Dst text UUid:77099292-7157-4763-83be-f38d123a5870
04-10 10:50:32 com_github_MitjaNemec_ReplicateLayout.replicate_layout 888:Replicating footprint: 'IC403'
04-10 10:50:32 com_github_MitjaNemec_ReplicateLayout.replicate_layout 835:Src fp.id: '281E9CFB-5034-4BEF-8319-5CA04D851C1D'
04-10 10:50:32 com_github_MitjaNemec_ReplicateLayout.replicate_layout 839:Dst fp.id: '281E9CFB-5034-4BEF-8319-5CA04D851C1D'
04-10 10:50:32 com_github_MitjaNemec_ReplicateLayout.replicate_layout 895:found match in dst footprint: 'IC703'
04-10 10:50:32 com_github_MitjaNemec_ReplicateLayout.replicate_layout 990:Src text UUid:1db23861-5d94-456b-90a2-b141127e4372
04-10 10:50:32 com_github_MitjaNemec_ReplicateLayout.replicate_layout 991:Dst text UUid:31efd107-1b90-41c2-8751-8dd453ce8dd9
04-10 10:50:32 com_github_MitjaNemec_ReplicateLayout.replicate_layout 990:Src text UUid:964790ae-8a7a-4c9e-bb6d-5905f6986911
04-10 10:50:32 com_github_MitjaNemec_ReplicateLayout.replicate_layout 991:Dst text UUid:426beff0-307a-43cd-b56d-3031af019785
04-10 10:50:32 com_github_MitjaNemec_ReplicateLayout.replicate_layout 990:Src text UUid:995628d5-da62-46b7-b194-fef18ccce736
04-10 10:50:32 com_github_MitjaNemec_ReplicateLayout.replicate_layout 991:Dst text UUid:eee2da6a-4914-4e01-9b83-666cdf77186a
04-10 10:50:32 root 345:updating GUI with: 66
04-10 10:50:32 com_github_MitjaNemec_ReplicateLayout.replicate_layout 870:Replicating footprints on sheet ['/Transmitter/', '/Transmitter/Push2 Driver/']
04-10 10:50:32 com_github_MitjaNemec_ReplicateLayout.replicate_layout 835:Src fp.id: 'CB956E58-0E61-4462-B9E6-809B7501783F'
04-10 10:50:32 com_github_MitjaNemec_ReplicateLayout.replicate_layout 839:Dst fp.id: 'CB956E58-0E61-4462-B9E6-809B7501783F'
04-10 10:50:32 com_github_MitjaNemec_ReplicateLayout.replicate_layout 888:Replicating footprint: 'Q403'
04-10 10:50:32 com_github_MitjaNemec_ReplicateLayout.replicate_layout 835:Src fp.id: 'C64D823A-821E-47BE-BFF8-788660359042'
04-10 10:50:32 com_github_MitjaNemec_ReplicateLayout.replicate_layout 839:Dst fp.id: 'C64D823A-821E-47BE-BFF8-788660359042'
04-10 10:50:32 com_github_MitjaNemec_ReplicateLayout.replicate_layout 895:found match in dst footprint: 'Q503'
04-10 10:50:32 com_github_MitjaNemec_ReplicateLayout.replicate_layout 990:Src text UUid:56e97bf4-2fb8-4709-bba3-c834ebeafc2f
04-10 10:50:32 com_github_MitjaNemec_ReplicateLayout.replicate_layout 991:Dst text UUid:85a695cd-58d0-4f32-97c3-5d6eba6a60e8
04-10 10:50:32 com_github_MitjaNemec_ReplicateLayout.replicate_layout 990:Src text UUid:9c77ec1b-2872-4615-8148-e2e3336cba23
04-10 10:50:32 com_github_MitjaNemec_ReplicateLayout.replicate_layout 991:Dst text UUid:4d31a5bd-289d-4bb2-8f9f-9a07f483fddb
04-10 10:50:32 com_github_MitjaNemec_ReplicateLayout.replicate_layout 990:Src text UUid:5b0c9200-690d-471b-bff9-f7a974b6d68e
04-10 10:50:32 com_github_MitjaNemec_ReplicateLayout.replicate_layout 991:Dst text UUid:1d90dc1b-61ad-46b9-a26d-aca68b6e766f
04-10 10:50:32 com_github_MitjaNemec_ReplicateLayout.replicate_layout 888:Replicating footprint: 'Q402'
04-10 10:50:32 com_github_MitjaNemec_ReplicateLayout.replicate_layout 835:Src fp.id: '87B7A9E2-73F2-44B2-A727-80AE0FCEA333'
04-10 10:50:32 com_github_MitjaNemec_ReplicateLayout.replicate_layout 839:Dst fp.id: '87B7A9E2-73F2-44B2-A727-80AE0FCEA333'
04-10 10:50:32 com_github_MitjaNemec_ReplicateLayout.replicate_layout 895:found match in dst footprint: 'Q502'
04-10 10:50:32 com_github_MitjaNemec_ReplicateLayout.replicate_layout 990:Src text UUid:25e3b15c-27a2-4bf5-81ec-59564ab99707
04-10 10:50:32 com_github_MitjaNemec_ReplicateLayout.replicate_layout 991:Dst text UUid:2acf52d0-f3f0-4eed-9aea-d2ea9779e930
04-10 10:50:32 com_github_MitjaNemec_ReplicateLayout.replicate_layout 990:Src text UUid:fd329678-12cf-4105-a1d9-48495cb2bee9
04-10 10:50:32 com_github_MitjaNemec_ReplicateLayout.replicate_layout 991:Dst text UUid:1ee2664f-6d16-4a5f-b798-690a42703a29
04-10 10:50:32 com_github_MitjaNemec_ReplicateLayout.replicate_layout 990:Src text UUid:48e1c3aa-2cd5-422f-b205-e115fb4d4f8f
04-10 10:50:32 com_github_MitjaNemec_ReplicateLayout.replicate_layout 991:Dst text UUid:70dcc889-c00d-45d7-aebf-daa0888c5743
04-10 10:50:32 com_github_MitjaNemec_ReplicateLayout.replicate_layout 888:Replicating footprint: 'Q401'
04-10 10:50:32 com_github_MitjaNemec_ReplicateLayout.replicate_layout 835:Src fp.id: '1D90E3DA-68C0-4E2B-A9D3-E0E727921E01'
04-10 10:50:32 com_github_MitjaNemec_ReplicateLayout.replicate_layout 839:Dst fp.id: '1D90E3DA-68C0-4E2B-A9D3-E0E727921E01'
04-10 10:50:32 com_github_MitjaNemec_ReplicateLayout.replicate_layout 895:found match in dst footprint: 'Q501'
04-10 10:50:32 com_github_MitjaNemec_ReplicateLayout.replicate_layout 990:Src text UUid:8ca68a6e-8f87-4205-a578-1cb83c34a92a
04-10 10:50:32 com_github_MitjaNemec_ReplicateLayout.replicate_layout 991:Dst text UUid:f68ca13e-0eb8-46b1-87e1-fb378f49bb72
04-10 10:50:32 com_github_MitjaNemec_ReplicateLayout.replicate_layout 990:Src text UUid:ad9abb79-590d-48bc-8495-617a55911239
04-10 10:50:32 com_github_MitjaNemec_ReplicateLayout.replicate_layout 991:Dst text UUid:2f805b8b-828a-45f4-be14-6f7cb4d1321e
04-10 10:50:32 com_github_MitjaNemec_ReplicateLayout.replicate_layout 990:Src text UUid:d1799aa9-aa7a-45d0-8dd6-4187c2e64232
04-10 10:50:32 com_github_MitjaNemec_ReplicateLayout.replicate_layout 991:Dst text UUid:328ac2fe-fb71-4502-9ea0-be6c60bc30c0
04-10 10:50:32 com_github_MitjaNemec_ReplicateLayout.replicate_layout 888:Replicating footprint: 'R402'
04-10 10:50:32 com_github_MitjaNemec_ReplicateLayout.replicate_layout 835:Src fp.id: 'CB956E58-0E61-4462-B9E6-809B7501783F'
04-10 10:50:32 com_github_MitjaNemec_ReplicateLayout.replicate_layout 839:Dst fp.id: 'CB956E58-0E61-4462-B9E6-809B7501783F'
04-10 10:50:32 com_github_MitjaNemec_ReplicateLayout.replicate_layout 895:found match in dst footprint: 'R502'
04-10 10:50:32 com_github_MitjaNemec_ReplicateLayout.replicate_layout 990:Src text UUid:5fe57e0e-c89f-4fc5-8ddb-6a6861536690
04-10 10:50:32 com_github_MitjaNemec_ReplicateLayout.replicate_layout 991:Dst text UUid:d8cc7dbb-c751-4a29-9bd3-62fbc4214b55
04-10 10:50:32 com_github_MitjaNemec_ReplicateLayout.replicate_layout 990:Src text UUid:d5cb4393-44e6-4e2f-b2ac-537865ef381d
04-10 10:50:32 com_github_MitjaNemec_ReplicateLayout.replicate_layout 991:Dst text UUid:b601da13-c6f7-4c2e-8f7e-693f3183b70d
04-10 10:50:32 com_github_MitjaNemec_ReplicateLayout.replicate_layout 990:Src text UUid:1af74317-7a2c-41ea-98a8-597fe04d47ac
04-10 10:50:32 com_github_MitjaNemec_ReplicateLayout.replicate_layout 991:Dst text UUid:c8e3b6db-2337-44c7-b6ed-13a59ee1406d
04-10 10:50:32 com_github_MitjaNemec_ReplicateLayout.replicate_layout 888:Replicating footprint: 'IC401'
04-10 10:50:32 com_github_MitjaNemec_ReplicateLayout.replicate_layout 835:Src fp.id: '779E32E9-1ADC-45EE-A73F-BCAF78E63F24'
04-10 10:50:32 com_github_MitjaNemec_ReplicateLayout.replicate_layout 839:Dst fp.id: '779E32E9-1ADC-45EE-A73F-BCAF78E63F24'
04-10 10:50:32 com_github_MitjaNemec_ReplicateLayout.replicate_layout 895:found match in dst footprint: 'IC501'
04-10 10:50:32 com_github_MitjaNemec_ReplicateLayout.replicate_layout 990:Src text UUid:a62d0ed5-b891-4c6d-bb04-6443739b3453
04-10 10:50:32 com_github_MitjaNemec_ReplicateLayout.replicate_layout 991:Dst text UUid:ca2c754c-ae7d-4622-9db9-2e67e4f853f5
04-10 10:50:32 com_github_MitjaNemec_ReplicateLayout.replicate_layout 990:Src text UUid:6fa5f133-0a05-46c6-a48d-290c85ebef4a
04-10 10:50:32 com_github_MitjaNemec_ReplicateLayout.replicate_layout 991:Dst text UUid:da4fc015-9370-4f3d-bf54-8400809e4ee4
04-10 10:50:32 com_github_MitjaNemec_ReplicateLayout.replicate_layout 990:Src text UUid:74f92f7f-b135-408d-8433-5d02d4588997
04-10 10:50:32 com_github_MitjaNemec_ReplicateLayout.replicate_layout 991:Dst text UUid:8e268a6d-9dfa-4e5a-8c4c-f280914229d5
04-10 10:50:32 com_github_MitjaNemec_ReplicateLayout.replicate_layout 888:Replicating footprint: 'C403'
04-10 10:50:32 com_github_MitjaNemec_ReplicateLayout.replicate_layout 835:Src fp.id: '26210E66-4F27-4386-87E3-04A2C28D0235'
04-10 10:50:32 com_github_MitjaNemec_ReplicateLayout.replicate_layout 839:Dst fp.id: '26210E66-4F27-4386-87E3-04A2C28D0235'
04-10 10:50:32 com_github_MitjaNemec_ReplicateLayout.replicate_layout 895:found match in dst footprint: 'C503'
04-10 10:50:32 com_github_MitjaNemec_ReplicateLayout.replicate_layout 990:Src text UUid:5330e42a-0728-4c06-ba00-4d56cdb0b061
04-10 10:50:32 com_github_MitjaNemec_ReplicateLayout.replicate_layout 991:Dst text UUid:f33a43c3-0fc5-408b-a6cf-c571161d1beb
04-10 10:50:32 com_github_MitjaNemec_ReplicateLayout.replicate_layout 990:Src text UUid:647deedd-b193-43ec-82a1-09b591941031
04-10 10:50:32 com_github_MitjaNemec_ReplicateLayout.replicate_layout 991:Dst text UUid:fb5a3ccd-c7cb-40e2-bb27-5a2023748a56
04-10 10:50:32 com_github_MitjaNemec_ReplicateLayout.replicate_layout 990:Src text UUid:54d2bea8-a06a-4798-94c0-6ca48e35b7a3
04-10 10:50:32 com_github_MitjaNemec_ReplicateLayout.replicate_layout 991:Dst text UUid:acf43735-7393-4c39-90f7-cb19f2a44261
04-10 10:50:32 com_github_MitjaNemec_ReplicateLayout.replicate_layout 888:Replicating footprint: 'C401'
04-10 10:50:32 com_github_MitjaNemec_ReplicateLayout.replicate_layout 835:Src fp.id: '4C1F20F5-11CB-4951-BD84-1F7CE0576AB2'
04-10 10:50:32 com_github_MitjaNemec_ReplicateLayout.replicate_layout 839:Dst fp.id: '4C1F20F5-11CB-4951-BD84-1F7CE0576AB2'
04-10 10:50:32 com_github_MitjaNemec_ReplicateLayout.replicate_layout 895:found match in dst footprint: 'C501'
04-10 10:50:32 com_github_MitjaNemec_ReplicateLayout.replicate_layout 990:Src text UUid:276cc651-1459-4206-8c34-4ffc5889d220
04-10 10:50:32 com_github_MitjaNemec_ReplicateLayout.replicate_layout 991:Dst text UUid:fe8fa592-d6de-49a6-9d98-4cde76439320
04-10 10:50:32 com_github_MitjaNemec_ReplicateLayout.replicate_layout 990:Src text UUid:b56d2d04-669a-46aa-960b-d7c2d2437a92
04-10 10:50:32 com_github_MitjaNemec_ReplicateLayout.replicate_layout 991:Dst text UUid:ce3a1ab7-72d4-4f04-9822-9777603bfea1
04-10 10:50:32 com_github_MitjaNemec_ReplicateLayout.replicate_layout 990:Src text UUid:49114a93-3e31-426b-b253-5bbfeca14203
04-10 10:50:32 com_github_MitjaNemec_ReplicateLayout.replicate_layout 991:Dst text UUid:66476de8-f2c2-48af-9d95-27ca78c8b540
04-10 10:50:32 com_github_MitjaNemec_ReplicateLayout.replicate_layout 888:Replicating footprint: 'R403'
04-10 10:50:32 com_github_MitjaNemec_ReplicateLayout.replicate_layout 835:Src fp.id: '5B9F3951-BB21-465D-B020-531F1FB18965'
04-10 10:50:32 com_github_MitjaNemec_ReplicateLayout.replicate_layout 839:Dst fp.id: '5B9F3951-BB21-465D-B020-531F1FB18965'
04-10 10:50:32 com_github_MitjaNemec_ReplicateLayout.replicate_layout 895:found match in dst footprint: 'R503'
04-10 10:50:32 com_github_MitjaNemec_ReplicateLayout.replicate_layout 990:Src text UUid:72a95ef6-7b0d-4825-9e68-53258751b608
04-10 10:50:32 com_github_MitjaNemec_ReplicateLayout.replicate_layout 991:Dst text UUid:c5104a54-374c-4c54-968c-789e280689a6
04-10 10:50:32 com_github_MitjaNemec_ReplicateLayout.replicate_layout 990:Src text UUid:bb326057-5e8f-44d9-90a5-947975562186
04-10 10:50:32 com_github_MitjaNemec_ReplicateLayout.replicate_layout 991:Dst text UUid:d08bd0ca-a20e-4525-a7dc-ab91726d396c
04-10 10:50:32 com_github_MitjaNemec_ReplicateLayout.replicate_layout 990:Src text UUid:67505d3e-d91b-4400-a073-5f8290dd8f67
04-10 10:50:32 com_github_MitjaNemec_ReplicateLayout.replicate_layout 991:Dst text UUid:3b665ce9-2606-469f-8ea1-f9b623ef273e
04-10 10:50:32 com_github_MitjaNemec_ReplicateLayout.replicate_layout 888:Replicating footprint: 'D401'
04-10 10:50:32 com_github_MitjaNemec_ReplicateLayout.replicate_layout 835:Src fp.id: '2D7EFD1B-0D0C-46AC-8657-BAC0EEF54AC7'
04-10 10:50:32 com_github_MitjaNemec_ReplicateLayout.replicate_layout 839:Dst fp.id: '2D7EFD1B-0D0C-46AC-8657-BAC0EEF54AC7'
04-10 10:50:32 com_github_MitjaNemec_ReplicateLayout.replicate_layout 895:found match in dst footprint: 'D501'
04-10 10:50:32 com_github_MitjaNemec_ReplicateLayout.replicate_layout 990:Src text UUid:40f20117-d499-4822-a53f-0767ea168506
04-10 10:50:32 com_github_MitjaNemec_ReplicateLayout.replicate_layout 991:Dst text UUid:ff2c333b-67ef-411c-b054-0a2eafe6a6cb
04-10 10:50:32 com_github_MitjaNemec_ReplicateLayout.replicate_layout 990:Src text UUid:98d95c05-e529-4764-88db-5dd4ed6e6b67
04-10 10:50:32 com_github_MitjaNemec_ReplicateLayout.replicate_layout 991:Dst text UUid:8d318a8f-146e-4475-baa6-c9ab49118936
04-10 10:50:32 com_github_MitjaNemec_ReplicateLayout.replicate_layout 990:Src text UUid:2dbc0ec7-aac6-4bd9-b9d2-931e8e41e0f8
04-10 10:50:32 com_github_MitjaNemec_ReplicateLayout.replicate_layout 991:Dst text UUid:9ebeea26-06ae-4adb-8caa-9b0d05665295
04-10 10:50:32 com_github_MitjaNemec_ReplicateLayout.replicate_layout 888:Replicating footprint: 'C402'
04-10 10:50:32 com_github_MitjaNemec_ReplicateLayout.replicate_layout 835:Src fp.id: '71E82C7B-C381-48A9-B4A7-CBC5725BBAE4'
04-10 10:50:32 com_github_MitjaNemec_ReplicateLayout.replicate_layout 839:Dst fp.id: '71E82C7B-C381-48A9-B4A7-CBC5725BBAE4'
04-10 10:50:32 com_github_MitjaNemec_ReplicateLayout.replicate_layout 895:found match in dst footprint: 'C502'
04-10 10:50:32 com_github_MitjaNemec_ReplicateLayout.replicate_layout 990:Src text UUid:285b95e7-819e-43a3-a002-b3f915c56fd5
04-10 10:50:32 com_github_MitjaNemec_ReplicateLayout.replicate_layout 991:Dst text UUid:3f22ad08-2795-4fea-889f-8ffde1df767a
04-10 10:50:32 com_github_MitjaNemec_ReplicateLayout.replicate_layout 990:Src text UUid:b0e8f524-5992-4000-b71b-9f8b0a02a996
04-10 10:50:32 com_github_MitjaNemec_ReplicateLayout.replicate_layout 991:Dst text UUid:c1575a8b-8535-4243-9bb6-b7b40dce1896
04-10 10:50:32 com_github_MitjaNemec_ReplicateLayout.replicate_layout 990:Src text UUid:b72138d4-8c0a-4ba3-a584-257e99377d70
04-10 10:50:32 com_github_MitjaNemec_ReplicateLayout.replicate_layout 991:Dst text UUid:5529aec1-6443-4858-8117-66fc8a138404
04-10 10:50:32 com_github_MitjaNemec_ReplicateLayout.replicate_layout 888:Replicating footprint: 'IC402'
04-10 10:50:32 com_github_MitjaNemec_ReplicateLayout.replicate_layout 835:Src fp.id: 'D0BDC238-DF8C-4C16-A9C6-6693069A9C87'
04-10 10:50:32 com_github_MitjaNemec_ReplicateLayout.replicate_layout 839:Dst fp.id: 'D0BDC238-DF8C-4C16-A9C6-6693069A9C87'
04-10 10:50:32 com_github_MitjaNemec_ReplicateLayout.replicate_layout 895:found match in dst footprint: 'IC502'
04-10 10:50:32 com_github_MitjaNemec_ReplicateLayout.replicate_layout 990:Src text UUid:7e4a7c19-58f0-40b3-bb1e-0de0d0f0c864
04-10 10:50:32 com_github_MitjaNemec_ReplicateLayout.replicate_layout 991:Dst text UUid:07ad9073-e09e-42d1-a961-a35d75b72f07
04-10 10:50:32 com_github_MitjaNemec_ReplicateLayout.replicate_layout 990:Src text UUid:aafa5bcf-41e0-431a-867f-1978b0c898d3
04-10 10:50:32 com_github_MitjaNemec_ReplicateLayout.replicate_layout 991:Dst text UUid:3a6df361-e831-47ec-a221-df5fc155203a
04-10 10:50:32 com_github_MitjaNemec_ReplicateLayout.replicate_layout 990:Src text UUid:08fdff8b-f948-4d4c-a3ef-467ee96a783d
04-10 10:50:32 com_github_MitjaNemec_ReplicateLayout.replicate_layout 991:Dst text UUid:1f4412fe-f1c4-40f7-9191-5a9d89dadf44
04-10 10:50:32 com_github_MitjaNemec_ReplicateLayout.replicate_layout 888:Replicating footprint: 'R401'
04-10 10:50:32 com_github_MitjaNemec_ReplicateLayout.replicate_layout 835:Src fp.id: '544BF6E5-DF33-4908-8C6B-AA5D827EC3DE'
04-10 10:50:32 com_github_MitjaNemec_ReplicateLayout.replicate_layout 839:Dst fp.id: '544BF6E5-DF33-4908-8C6B-AA5D827EC3DE'
04-10 10:50:32 com_github_MitjaNemec_ReplicateLayout.replicate_layout 895:found match in dst footprint: 'R501'
04-10 10:50:32 com_github_MitjaNemec_ReplicateLayout.replicate_layout 990:Src text UUid:ef38aa36-c553-4f82-87ee-1443d18bff28
04-10 10:50:32 com_github_MitjaNemec_ReplicateLayout.replicate_layout 991:Dst text UUid:2a27d7f4-5d46-41a7-9edf-984deb50ada7
04-10 10:50:32 com_github_MitjaNemec_ReplicateLayout.replicate_layout 990:Src text UUid:8ecb331c-f03e-4fab-88af-864530213fed
04-10 10:50:32 com_github_MitjaNemec_ReplicateLayout.replicate_layout 991:Dst text UUid:2b88d634-9d90-4d03-9dfa-a58ba3555de3
04-10 10:50:32 com_github_MitjaNemec_ReplicateLayout.replicate_layout 990:Src text UUid:7e681aa6-9cef-4756-9bed-73b75ed34083
04-10 10:50:32 com_github_MitjaNemec_ReplicateLayout.replicate_layout 991:Dst text UUid:fe72f9a4-24df-41ea-b30b-18d1b6299000
04-10 10:50:32 com_github_MitjaNemec_ReplicateLayout.replicate_layout 888:Replicating footprint: 'IC403'
04-10 10:50:32 com_github_MitjaNemec_ReplicateLayout.replicate_layout 835:Src fp.id: '281E9CFB-5034-4BEF-8319-5CA04D851C1D'
04-10 10:50:32 com_github_MitjaNemec_ReplicateLayout.replicate_layout 839:Dst fp.id: '281E9CFB-5034-4BEF-8319-5CA04D851C1D'
04-10 10:50:32 com_github_MitjaNemec_ReplicateLayout.replicate_layout 895:found match in dst footprint: 'IC503'
04-10 10:50:32 com_github_MitjaNemec_ReplicateLayout.replicate_layout 990:Src text UUid:1db23861-5d94-456b-90a2-b141127e4372
04-10 10:50:32 com_github_MitjaNemec_ReplicateLayout.replicate_layout 991:Dst text UUid:daa236c3-07ad-4147-92bc-46311f051fe7
04-10 10:50:32 com_github_MitjaNemec_ReplicateLayout.replicate_layout 990:Src text UUid:964790ae-8a7a-4c9e-bb6d-5905f6986911
04-10 10:50:32 com_github_MitjaNemec_ReplicateLayout.replicate_layout 991:Dst text UUid:a9968909-9105-4dff-8705-e44677e8bdbd
04-10 10:50:32 com_github_MitjaNemec_ReplicateLayout.replicate_layout 990:Src text UUid:995628d5-da62-46b7-b194-fef18ccce736
04-10 10:50:32 com_github_MitjaNemec_ReplicateLayout.replicate_layout 991:Dst text UUid:07ac5f49-2747-437d-b378-31fe128f9ece
04-10 10:50:32 root 340:updating GUI message: 'Replicating tracks'
04-10 10:50:32 com_github_MitjaNemec_ReplicateLayout.replicate_layout 1014:Replicating tracks
04-10 10:50:32 root 345:updating GUI with: 0
04-10 10:50:32 com_github_MitjaNemec_ReplicateLayout.replicate_layout 1020:Replicating tracks on sheet ['/Transmitter/', '/Transmitter/Pull1 Driver/']
04-10 10:50:32 com_github_MitjaNemec_ReplicateLayout.replicate_layout 835:Src fp.id: 'CB956E58-0E61-4462-B9E6-809B7501783F'
04-10 10:50:32 com_github_MitjaNemec_ReplicateLayout.replicate_layout 839:Dst fp.id: 'CB956E58-0E61-4462-B9E6-809B7501783F'
04-10 10:50:32 com_github_MitjaNemec_ReplicateLayout.replicate_layout 792:Net pairs for sheet ['/Transmitter/', '/Transmitter/Pull1 Driver/'] :[('Net-(IC403-Y)', 'Net-(IC603-Y)'), ('Net-(Q401-G)', 'Net-(Q601-G)'), ('/Transmitter/driverNEN', '/Transmitter/driverNEN'), ('GND', 'GND'), ('Net-(Q402-G)', 'Net-(Q602-G)'), ('Net-(IC401-Y)', 'Net-(IC601-Y)'), ('VBUS', 'VBUS'), ('Net-(D401-K)', 'Net-(D601-K)'), ('Net-(Q403-G)', 'Net-(Q603-G)'), ('/Transmitter/push1T', '/Transmitter/pull1T'), ('Net-(IC402-Y)', 'Net-(IC602-Y)'), ('/Transmitter/push1', '/Transmitter/pull1')]
04-10 10:50:32 com_github_MitjaNemec_ReplicateLayout.replicate_layout 1020:Replicating tracks on sheet ['/Transmitter/', '/Transmitter/Pull2 Driver/']
04-10 10:50:32 com_github_MitjaNemec_ReplicateLayout.replicate_layout 835:Src fp.id: 'CB956E58-0E61-4462-B9E6-809B7501783F'
04-10 10:50:32 com_github_MitjaNemec_ReplicateLayout.replicate_layout 839:Dst fp.id: 'CB956E58-0E61-4462-B9E6-809B7501783F'
04-10 10:50:32 com_github_MitjaNemec_ReplicateLayout.replicate_layout 792:Net pairs for sheet ['/Transmitter/', '/Transmitter/Pull2 Driver/'] :[('/Transmitter/driverNEN', '/Transmitter/driverNEN'), ('Net-(Q402-G)', 'Net-(Q702-G)'), ('/Transmitter/push1', '/Transmitter/pull2'), ('GND', 'GND'), ('Net-(IC403-Y)', 'Net-(IC703-Y)'), ('Net-(Q401-G)', 'Net-(Q701-G)'), ('Net-(Q403-G)', 'Net-(Q703-G)'), ('Net-(D401-K)', 'Net-(D701-K)'), ('VBUS', 'VBUS'), ('Net-(IC402-Y)', 'Net-(IC702-Y)'), ('Net-(IC401-Y)', 'Net-(IC701-Y)'), ('/Transmitter/push1T', '/Transmitter/pull2T')]
04-10 10:50:32 com_github_MitjaNemec_ReplicateLayout.replicate_layout 1020:Replicating tracks on sheet ['/Transmitter/', '/Transmitter/Push2 Driver/']
04-10 10:50:32 com_github_MitjaNemec_ReplicateLayout.replicate_layout 835:Src fp.id: 'CB956E58-0E61-4462-B9E6-809B7501783F'
04-10 10:50:32 com_github_MitjaNemec_ReplicateLayout.replicate_layout 839:Dst fp.id: 'CB956E58-0E61-4462-B9E6-809B7501783F'
04-10 10:50:32 com_github_MitjaNemec_ReplicateLayout.replicate_layout 792:Net pairs for sheet ['/Transmitter/', '/Transmitter/Push2 Driver/'] :[('/Transmitter/driverNEN', '/Transmitter/driverNEN'), ('Net-(IC401-Y)', 'Net-(IC501-Y)'), ('Net-(IC402-Y)', 'Net-(IC502-Y)'), ('Net-(Q402-G)', 'Net-(Q502-G)'), ('GND', 'GND'), ('/Transmitter/push1T', '/Transmitter/push2T'), ('Net-(IC403-Y)', 'Net-(IC503-Y)'), ('Net-(D401-K)', 'Net-(D501-K)'), ('Net-(Q401-G)', 'Net-(Q501-G)'), ('Net-(Q403-G)', 'Net-(Q503-G)'), ('VBUS', 'VBUS'), ('/Transmitter/push1', '/Transmitter/push2')]
04-10 10:50:32 root 340:updating GUI message: 'Replicating zones'
04-10 10:50:32 com_github_MitjaNemec_ReplicateLayout.replicate_layout 1084:Replicating zones
04-10 10:50:32 com_github_MitjaNemec_ReplicateLayout.replicate_layout 1091:Replicating zones on sheet ['/Transmitter/', '/Transmitter/Pull1 Driver/']
04-10 10:50:32 com_github_MitjaNemec_ReplicateLayout.replicate_layout 835:Src fp.id: 'CB956E58-0E61-4462-B9E6-809B7501783F'
04-10 10:50:32 com_github_MitjaNemec_ReplicateLayout.replicate_layout 839:Dst fp.id: 'CB956E58-0E61-4462-B9E6-809B7501783F'
04-10 10:50:32 com_github_MitjaNemec_ReplicateLayout.replicate_layout 792:Net pairs for sheet ['/Transmitter/', '/Transmitter/Pull1 Driver/'] :[('Net-(IC403-Y)', 'Net-(IC603-Y)'), ('Net-(Q401-G)', 'Net-(Q601-G)'), ('/Transmitter/driverNEN', '/Transmitter/driverNEN'), ('GND', 'GND'), ('Net-(Q402-G)', 'Net-(Q602-G)'), ('Net-(IC401-Y)', 'Net-(IC601-Y)'), ('VBUS', 'VBUS'), ('Net-(D401-K)', 'Net-(D601-K)'), ('Net-(Q403-G)', 'Net-(Q603-G)'), ('/Transmitter/push1T', '/Transmitter/pull1T'), ('Net-(IC402-Y)', 'Net-(IC602-Y)'), ('/Transmitter/push1', '/Transmitter/pull1')]
04-10 10:50:32 com_github_MitjaNemec_ReplicateLayout.replicate_layout 1091:Replicating zones on sheet ['/Transmitter/', '/Transmitter/Pull2 Driver/']
04-10 10:50:32 com_github_MitjaNemec_ReplicateLayout.replicate_layout 835:Src fp.id: 'CB956E58-0E61-4462-B9E6-809B7501783F'
04-10 10:50:32 com_github_MitjaNemec_ReplicateLayout.replicate_layout 839:Dst fp.id: 'CB956E58-0E61-4462-B9E6-809B7501783F'
04-10 10:50:32 com_github_MitjaNemec_ReplicateLayout.replicate_layout 792:Net pairs for sheet ['/Transmitter/', '/Transmitter/Pull2 Driver/'] :[('/Transmitter/driverNEN', '/Transmitter/driverNEN'), ('Net-(Q402-G)', 'Net-(Q702-G)'), ('/Transmitter/push1', '/Transmitter/pull2'), ('GND', 'GND'), ('Net-(IC403-Y)', 'Net-(IC703-Y)'), ('Net-(Q401-G)', 'Net-(Q701-G)'), ('Net-(Q403-G)', 'Net-(Q703-G)'), ('Net-(D401-K)', 'Net-(D701-K)'), ('VBUS', 'VBUS'), ('Net-(IC402-Y)', 'Net-(IC702-Y)'), ('Net-(IC401-Y)', 'Net-(IC701-Y)'), ('/Transmitter/push1T', '/Transmitter/pull2T')]
04-10 10:50:32 root 345:updating GUI with: 66
04-10 10:50:32 com_github_MitjaNemec_ReplicateLayout.replicate_layout 1091:Replicating zones on sheet ['/Transmitter/', '/Transmitter/Push2 Driver/']
04-10 10:50:32 com_github_MitjaNemec_ReplicateLayout.replicate_layout 835:Src fp.id: 'CB956E58-0E61-4462-B9E6-809B7501783F'
04-10 10:50:32 com_github_MitjaNemec_ReplicateLayout.replicate_layout 839:Dst fp.id: 'CB956E58-0E61-4462-B9E6-809B7501783F'
04-10 10:50:32 com_github_MitjaNemec_ReplicateLayout.replicate_layout 792:Net pairs for sheet ['/Transmitter/', '/Transmitter/Push2 Driver/'] :[('/Transmitter/driverNEN', '/Transmitter/driverNEN'), ('Net-(IC401-Y)', 'Net-(IC501-Y)'), ('Net-(IC402-Y)', 'Net-(IC502-Y)'), ('Net-(Q402-G)', 'Net-(Q502-G)'), ('GND', 'GND'), ('/Transmitter/push1T', '/Transmitter/push2T'), ('Net-(IC403-Y)', 'Net-(IC503-Y)'), ('Net-(D401-K)', 'Net-(D501-K)'), ('Net-(Q401-G)', 'Net-(Q501-G)'), ('Net-(Q403-G)', 'Net-(Q503-G)'), ('VBUS', 'VBUS'), ('/Transmitter/push1', '/Transmitter/push2')]
04-10 10:50:32 root 340:updating GUI message: 'Replicating text'
04-10 10:50:32 com_github_MitjaNemec_ReplicateLayout.replicate_layout 1173:Replicating text
04-10 10:50:32 com_github_MitjaNemec_ReplicateLayout.replicate_layout 1180:Replicating text on sheet ['/Transmitter/', '/Transmitter/Pull1 Driver/']
04-10 10:50:32 com_github_MitjaNemec_ReplicateLayout.replicate_layout 835:Src fp.id: 'CB956E58-0E61-4462-B9E6-809B7501783F'
04-10 10:50:32 com_github_MitjaNemec_ReplicateLayout.replicate_layout 839:Dst fp.id: 'CB956E58-0E61-4462-B9E6-809B7501783F'
04-10 10:50:32 com_github_MitjaNemec_ReplicateLayout.replicate_layout 1180:Replicating text on sheet ['/Transmitter/', '/Transmitter/Pull2 Driver/']
04-10 10:50:32 com_github_MitjaNemec_ReplicateLayout.replicate_layout 835:Src fp.id: 'CB956E58-0E61-4462-B9E6-809B7501783F'
04-10 10:50:32 com_github_MitjaNemec_ReplicateLayout.replicate_layout 839:Dst fp.id: 'CB956E58-0E61-4462-B9E6-809B7501783F'
04-10 10:50:32 com_github_MitjaNemec_ReplicateLayout.replicate_layout 1180:Replicating text on sheet ['/Transmitter/', '/Transmitter/Push2 Driver/']
04-10 10:50:32 com_github_MitjaNemec_ReplicateLayout.replicate_layout 835:Src fp.id: 'CB956E58-0E61-4462-B9E6-809B7501783F'
04-10 10:50:32 com_github_MitjaNemec_ReplicateLayout.replicate_layout 839:Dst fp.id: 'CB956E58-0E61-4462-B9E6-809B7501783F'
04-10 10:50:32 root 340:updating GUI message: 'Replicating drawings'
04-10 10:50:32 com_github_MitjaNemec_ReplicateLayout.replicate_layout 1224:Replicating drawings
04-10 10:50:32 com_github_MitjaNemec_ReplicateLayout.replicate_layout 1230:Replicating drawings on sheet ['/Transmitter/', '/Transmitter/Pull1 Driver/']
04-10 10:50:32 com_github_MitjaNemec_ReplicateLayout.replicate_layout 835:Src fp.id: 'CB956E58-0E61-4462-B9E6-809B7501783F'
04-10 10:50:32 com_github_MitjaNemec_ReplicateLayout.replicate_layout 839:Dst fp.id: 'CB956E58-0E61-4462-B9E6-809B7501783F'
04-10 10:50:32 com_github_MitjaNemec_ReplicateLayout.replicate_layout 1230:Replicating drawings on sheet ['/Transmitter/', '/Transmitter/Pull2 Driver/']
04-10 10:50:32 com_github_MitjaNemec_ReplicateLayout.replicate_layout 835:Src fp.id: 'CB956E58-0E61-4462-B9E6-809B7501783F'
04-10 10:50:32 com_github_MitjaNemec_ReplicateLayout.replicate_layout 839:Dst fp.id: 'CB956E58-0E61-4462-B9E6-809B7501783F'
04-10 10:50:32 com_github_MitjaNemec_ReplicateLayout.replicate_layout 1230:Replicating drawings on sheet ['/Transmitter/', '/Transmitter/Push2 Driver/']
04-10 10:50:32 com_github_MitjaNemec_ReplicateLayout.replicate_layout 835:Src fp.id: 'CB956E58-0E61-4462-B9E6-809B7501783F'
04-10 10:50:32 com_github_MitjaNemec_ReplicateLayout.replicate_layout 839:Dst fp.id: 'CB956E58-0E61-4462-B9E6-809B7501783F'
04-10 10:50:32 root 340:updating GUI message: 'Removing duplicates'
04-10 10:50:33 com_github_MitjaNemec_ReplicateLayout.action_replicate_layout 264:Replication complete
