Info: constrained 'fpgaSCLK' to bel 'X24/Y0/io0'
Info: constrained 'clk40' to bel 'X12/Y31/io1'
Info: constrained 'gnssPPS' to bel 'X13/Y0/io1'
Info: constrained 'fpgaMOSI' to bel 'X23/Y0/io1'
Info: constrained 'fpgaNCS' to bel 'X24/Y0/io1'
Info: constrained 'fpgaMISO' to bel 'X23/Y0/io0'
Info: constrained 'rfPushBase' to bel 'X8/Y31/io0'
Info: constrained 'rfPushPeak' to bel 'X13/Y31/io0'
Info: constrained 'rfPullBase' to bel 'X7/Y0/io1'
Info: constrained 'rfPullPeak' to bel 'X7/Y0/io0'
Info: constrained 'driverNEN' to bel 'X19/Y31/io1'
Info: constrained 'fpgaNRESET' to bel 'X9/Y31/io1'
Warning: net 'clk90' does not exist in design, ignoring clock constraint

Info: Packing constants..
Info: Packing IOs..
Info: rfPullPeak feeds SB_IO exciterCore.ioPullPeak, removing $nextpnr_obuf rfPullPeak.
Info: rfPullBase feeds SB_IO exciterCore.ioPullBase, removing $nextpnr_obuf rfPullBase.
Info: driverNEN feeds SB_IO ioDriverNEN, removing $nextpnr_obuf driverNEN.
Info: rfPushPeak feeds SB_IO exciterCore.ioPushPeak, removing $nextpnr_obuf rfPushPeak.
Info: rfPushBase feeds SB_IO exciterCore.ioPushBase, removing $nextpnr_obuf rfPushBase.
Info: Packing LUT-FFs..
Info:      114 LCs used as LUT4 only
Info:      115 LCs used as LUT4 and DFF
Info: Packing non-LUT FFs..
Info:      234 LCs used as DFF only
Info: Packing carries..
Info:       50 LCs used as CARRY only
Info: Packing indirect carry+LUT pairs...
Info:        5 LUTs merged into carry LCs
Info: Packing RAMs..
Info: Placing PLLs..
Info:   constrained PLL 'sysPll' to X12/Y31/pll_3
Info: Packing special functions..
Info: Packing PLLs..
Info:   PLL 'sysPll' has LOCK output, need to pass all outputs via LUT
Info:   constrained 'exciterCore.txEnSync.dIn_SB_LUT4_O_LC' to X1/Y30/lc0
Info:   constrained 'spiCore.pllSync.pipe_SB_DFF_Q_DFFLC' to X1/Y30/lc1
Info: Constraining chains...
Info:        7 LCs used to legalise carry chains.
Info: Checksum: 0x8bedfb09

Info: Annotating ports with timing budgets for target frequency 12.00 MHz
Info: Checksum: 0xd0689daa

Info: Device utilisation:
Info: 	         ICESTORM_LC:   517/ 5280     9%
Info: 	        ICESTORM_RAM:     0/   30     0%
Info: 	               SB_IO:    12/   96    12%
Info: 	               SB_GB:     0/    8     0%
Info: 	        ICESTORM_PLL:     1/    1   100%
Info: 	         SB_WARMBOOT:     0/    1     0%
Info: 	        ICESTORM_DSP:     0/    8     0%
Info: 	      ICESTORM_HFOSC:     0/    1     0%
Info: 	      ICESTORM_LFOSC:     0/    1     0%
Info: 	              SB_I2C:     0/    2     0%
Info: 	              SB_SPI:     0/    2     0%
Info: 	              IO_I3C:     0/    2     0%
Info: 	         SB_LEDDA_IP:     0/    1     0%
Info: 	         SB_RGBA_DRV:     0/    1     0%
Info: 	      ICESTORM_SPRAM:     0/    4     0%

Info: Placed 15 cells based on constraints.
Info: Creating initial placement for remaining 515 cells.
Info:   initial placement placed 500/515 cells
Info:   initial placement placed 515/515 cells
Info: Initial placement time 0.02s
Info: Running simulated annealing placer.
Info:   at iteration #1: temp = 1.000000, timing cost = 906, wirelen = 13593
Info:   at iteration #5: temp = 0.112500, timing cost = 942, wirelen = 13072
Info:   at iteration #10: temp = 0.091125, timing cost = 781, wirelen = 12419
Info:   at iteration #15: temp = 0.066430, timing cost = 698, wirelen = 12181
Info:   at iteration #20: temp = 0.056956, timing cost = 921, wirelen = 11770
Info:   at iteration #25: temp = 0.051402, timing cost = 757, wirelen = 11180
Info:   at iteration #30: temp = 0.044071, timing cost = 844, wirelen = 11433
Info:   at iteration #35: temp = 0.039774, timing cost = 843, wirelen = 10737
Info:   at iteration #40: temp = 0.035896, timing cost = 767, wirelen = 10315
Info:   at iteration #45: temp = 0.029238, timing cost = 917, wirelen = 9905
Info:   at iteration #50: temp = 0.022624, timing cost = 956, wirelen = 10117
Info:   at iteration #55: temp = 0.018427, timing cost = 970, wirelen = 9931
Info:   at iteration #60: temp = 0.015799, timing cost = 883, wirelen = 9383
Info:   at iteration #65: temp = 0.012225, timing cost = 800, wirelen = 9986
Info:   at iteration #70: temp = 0.009957, timing cost = 866, wirelen = 10097
Info:   at iteration #75: temp = 0.007705, timing cost = 812, wirelen = 9809
Info:   at iteration #80: temp = 0.006276, timing cost = 786, wirelen = 9675
Info:   at iteration #85: temp = 0.005111, timing cost = 737, wirelen = 9862
Info:   at iteration #90: temp = 0.003955, timing cost = 755, wirelen = 9381
Info:   at iteration #95: temp = 0.003391, timing cost = 722, wirelen = 9565
Info:   at iteration #100: temp = 0.003060, timing cost = 952, wirelen = 8825
Info:   at iteration #105: temp = 0.002368, timing cost = 790, wirelen = 8978
Info:   at iteration #110: temp = 0.001929, timing cost = 967, wirelen = 8756
Info:   at iteration #115: temp = 0.001654, timing cost = 859, wirelen = 8574
Info:   at iteration #120: temp = 0.001418, timing cost = 710, wirelen = 7788
Info:   at iteration #125: temp = 0.001347, timing cost = 705, wirelen = 7588
Info:   at iteration #130: temp = 0.001155, timing cost = 971, wirelen = 7447
Info:   at iteration #135: temp = 0.001042, timing cost = 830, wirelen = 7081
Info:   at iteration #140: temp = 0.000941, timing cost = 793, wirelen = 6773
Info:   at iteration #145: temp = 0.000849, timing cost = 703, wirelen = 6855
Info:   at iteration #150: temp = 0.000806, timing cost = 601, wirelen = 6187
Info:   at iteration #155: temp = 0.000766, timing cost = 755, wirelen = 5872
Info:   at iteration #160: temp = 0.000728, timing cost = 590, wirelen = 5631
Info:   at iteration #165: temp = 0.000657, timing cost = 754, wirelen = 5177
Info:   at iteration #170: temp = 0.000624, timing cost = 687, wirelen = 5031
Info:   at iteration #175: temp = 0.000563, timing cost = 693, wirelen = 4779
Info:   at iteration #180: temp = 0.000535, timing cost = 687, wirelen = 4339
Info:   at iteration #185: temp = 0.000508, timing cost = 796, wirelen = 4004
Info: Legalising relative constraints...
Info:     moved 130 cells, 4 unplaced (after legalising chains)
Info:        average distance 1.190181
Info:        maximum distance 5.000000
Info:     moved 134 cells, 0 unplaced (after replacing ripped up cells)
Info:        average distance 1.295242
Info:        maximum distance 7.071068
Info:   at iteration #190: temp = 0.000483, timing cost = 587, wirelen = 3312
Info:   at iteration #195: temp = 0.000483, timing cost = 528, wirelen = 3027
Info:   at iteration #200: temp = 0.000483, timing cost = 604, wirelen = 2750
Info:   at iteration #205: temp = 0.000436, timing cost = 626, wirelen = 2608
Info:   at iteration #210: temp = 0.000436, timing cost = 428, wirelen = 2359
Info:   at iteration #215: temp = 0.000393, timing cost = 516, wirelen = 2358
Info:   at iteration #220: temp = 0.000355, timing cost = 570, wirelen = 2261
Info:   at iteration #225: temp = 0.000355, timing cost = 499, wirelen = 2128
Info:   at iteration #230: temp = 0.000337, timing cost = 513, wirelen = 2001
Info:   at iteration #235: temp = 0.000304, timing cost = 497, wirelen = 1926
Info:   at iteration #240: temp = 0.000261, timing cost = 526, wirelen = 1879
Info:   at iteration #245: temp = 0.000248, timing cost = 537, wirelen = 1811
Info:   at iteration #250: temp = 0.000224, timing cost = 557, wirelen = 1702
Info:   at iteration #255: temp = 0.000179, timing cost = 610, wirelen = 1630
Info:   at iteration #260: temp = 0.000115, timing cost = 557, wirelen = 1581
Info:   at iteration #265: temp = 0.000047, timing cost = 540, wirelen = 1555
Info:   at iteration #270: temp = 0.000019, timing cost = 553, wirelen = 1540
Info:   at iteration #275: temp = 0.000006, timing cost = 544, wirelen = 1545
Info:   at iteration #280: temp = 0.000003, timing cost = 560, wirelen = 1532
Info:   at iteration #285: temp = 0.000001, timing cost = 552, wirelen = 1524
Info:   at iteration #290: temp = 0.000000, timing cost = 531, wirelen = 1519
Info:   at iteration #295: temp = 0.000000, timing cost = 525, wirelen = 1522
Info:   at iteration #296: temp = 0.000000, timing cost = 523, wirelen = 1525 
Info: SA placement time 4.66s

Info: Max frequency for clock             'clk45': 48.06 MHz (PASS at 12.00 MHz)
Info: Max frequency for clock 'fpgaSCLK$SB_IO_IN': 32.40 MHz (PASS at 12.00 MHz)

Info: Max delay <async>                   -> posedge clk45            : 2.99 ns
Info: Max delay <async>                   -> posedge fpgaSCLK$SB_IO_IN: 13.02 ns
Info: Max delay <async>                   -> negedge fpgaSCLK$SB_IO_IN: 6.53 ns
Info: Max delay posedge clk45             -> <async>                  : 7.30 ns
Info: Max delay posedge clk45             -> negedge fpgaSCLK$SB_IO_IN: 12.36 ns
Info: Max delay posedge fpgaSCLK$SB_IO_IN -> <async>                  : 14.91 ns
Info: Max delay posedge fpgaSCLK$SB_IO_IN -> posedge clk45            : 12.39 ns
Info: Max delay negedge fpgaSCLK$SB_IO_IN -> <async>                  : 7.69 ns

Info: Slack histogram:
Info:  legend: * represents 6 endpoint(s)
Info:          + represents [1,6) endpoint(s)
Info: [ 26232,  28938) |**************+
Info: [ 28938,  31644) |********+
Info: [ 31644,  34350) |**+
Info: [ 34350,  37056) |*****+
Info: [ 37056,  39762) | 
Info: [ 39762,  42468) | 
Info: [ 42468,  45174) | 
Info: [ 45174,  47880) | 
Info: [ 47880,  50586) | 
Info: [ 50586,  53292) | 
Info: [ 53292,  55998) | 
Info: [ 55998,  58704) | 
Info: [ 58704,  61410) | 
Info: [ 61410,  64116) |+
Info: [ 64116,  66822) |+
Info: [ 66822,  69528) |**********+
Info: [ 69528,  72234) |**************+
Info: [ 72234,  74940) |**********+
Info: [ 74940,  77646) |*****************+
Info: [ 77646,  80352) |************************************************************ 
Info: Checksum: 0x9783b782
Info: Running timing-driven placement optimisation...
Info:    Iteration 0...
Info:    Iteration 1...
Info:    Iteration 2...
Info:    Iteration 3...
Info:    Iteration 4...
Info:    Iteration 5...
Info:    Iteration 6...
Info:    Iteration 7...
Info:    Iteration 8...
Info:    Iteration 9...
Info:    Iteration 10...
Info:    Iteration 11...
Info:    Iteration 12...
Info:    Iteration 13...
Info:    Iteration 14...
Info:    Iteration 15...
Info:    Iteration 16...
Info:    Iteration 17...
Info:    Iteration 18...
Info:    Iteration 19...
Info:    Iteration 20...
Info:    Iteration 21...
Info:    Iteration 22...
Info:    Iteration 23...
Info:    Iteration 24...
Info:    Iteration 25...
Info:    Iteration 26...
Info:    Iteration 27...
Info:    Iteration 28...
Info:    Iteration 29...

Info: Routing..
Info: Setting up routing queue.
Info: Routing 1316 arcs.
Info:            |   (re-)routed arcs  |   delta    | remaining|       time spent     |
Info:    IterCnt |  w/ripup   wo/ripup |  w/r  wo/r |      arcs| batch(sec) total(sec)|
Info:       1000 |      198        707 |  198   707 |       595|       0.09       0.09|
Info:       1808 |      383       1309 |  185   602 |         0|       0.30       0.39|
Info: Routing complete.
Info: Router1 time 0.39s
Info: Checksum: 0x356cb8dd

Info: Critical path report for clock 'clk45' (posedge -> posedge):
Info: curr total
Info:  1.4  1.4  Source exciterCore.tuningWord_q_SB_DFF_Q_30_DFFLC.O
Info:  1.8  3.2    Net exciterCore.tuningWord_q[1] budget 0.000000 ns (11,21) -> (12,22)
Info:                Sink exciterCore.ncoHalfStep_SB_LUT4_O_I3_SB_CARRY_CO_30$CARRY.I1
Info:                Defined in:
Info:                  top.sv:76.16-88.5
Info:                  SPIRegisters.sv:69.16-69.29
Info:  0.7  3.8  Source exciterCore.ncoHalfStep_SB_LUT4_O_I3_SB_CARRY_CO_30$CARRY.COUT
Info:  0.0  3.8    Net exciterCore.ncoHalfStep_SB_LUT4_O_I3[1] budget 0.000000 ns (12,22) -> (12,22)
Info:                Sink exciterCore.ncoHalfStep_SB_LUT4_O_I3_SB_CARRY_CO_19$CARRY.CIN
Info:                Defined in:
Info:                  top.sv:90.15-99.8
Info:                  WSPRExciter.sv:39.24-39.60
Info:                  /usr/bin/../share/yosys/ice40/arith_map.v:51.21-51.22
Info:  0.3  4.1  Source exciterCore.ncoHalfStep_SB_LUT4_O_I3_SB_CARRY_CO_19$CARRY.COUT
Info:  0.0  4.1    Net exciterCore.ncoHalfStep_SB_LUT4_O_I3[2] budget 0.000000 ns (12,22) -> (12,22)
Info:                Sink exciterCore.ncoHalfStep_SB_LUT4_O_I3_SB_CARRY_CO_8$CARRY.CIN
Info:                Defined in:
Info:                  top.sv:90.15-99.8
Info:                  WSPRExciter.sv:39.24-39.60
Info:                  /usr/bin/../share/yosys/ice40/arith_map.v:51.21-51.22
Info:  0.3  4.4  Source exciterCore.ncoHalfStep_SB_LUT4_O_I3_SB_CARRY_CO_8$CARRY.COUT
Info:  0.0  4.4    Net exciterCore.ncoHalfStep_SB_LUT4_O_I3[3] budget 0.000000 ns (12,22) -> (12,22)
Info:                Sink exciterCore.ncoHalfStep_SB_LUT4_O_I3_SB_CARRY_CO_6$CARRY.CIN
Info:                Defined in:
Info:                  top.sv:90.15-99.8
Info:                  WSPRExciter.sv:39.24-39.60
Info:                  /usr/bin/../share/yosys/ice40/arith_map.v:51.21-51.22
Info:  0.3  4.7  Source exciterCore.ncoHalfStep_SB_LUT4_O_I3_SB_CARRY_CO_6$CARRY.COUT
Info:  0.0  4.7    Net exciterCore.ncoHalfStep_SB_LUT4_O_I3[4] budget 0.000000 ns (12,22) -> (12,22)
Info:                Sink exciterCore.ncoHalfStep_SB_LUT4_O_I3_SB_CARRY_CO_5$CARRY.CIN
Info:                Defined in:
Info:                  top.sv:90.15-99.8
Info:                  WSPRExciter.sv:39.24-39.60
Info:                  /usr/bin/../share/yosys/ice40/arith_map.v:51.21-51.22
Info:  0.3  4.9  Source exciterCore.ncoHalfStep_SB_LUT4_O_I3_SB_CARRY_CO_5$CARRY.COUT
Info:  0.0  4.9    Net exciterCore.ncoHalfStep_SB_LUT4_O_I3[5] budget 0.000000 ns (12,22) -> (12,22)
Info:                Sink exciterCore.ncoHalfStep_SB_LUT4_O_I3_SB_CARRY_CO_4$CARRY.CIN
Info:                Defined in:
Info:                  top.sv:90.15-99.8
Info:                  WSPRExciter.sv:39.24-39.60
Info:                  /usr/bin/../share/yosys/ice40/arith_map.v:51.21-51.22
Info:  0.3  5.2  Source exciterCore.ncoHalfStep_SB_LUT4_O_I3_SB_CARRY_CO_4$CARRY.COUT
Info:  0.0  5.2    Net exciterCore.ncoHalfStep_SB_LUT4_O_I3[6] budget 0.000000 ns (12,22) -> (12,22)
Info:                Sink exciterCore.ncoHalfStep_SB_LUT4_O_I3_SB_CARRY_CO_3$CARRY.CIN
Info:                Defined in:
Info:                  top.sv:90.15-99.8
Info:                  WSPRExciter.sv:39.24-39.60
Info:                  /usr/bin/../share/yosys/ice40/arith_map.v:51.21-51.22
Info:  0.3  5.5  Source exciterCore.ncoHalfStep_SB_LUT4_O_I3_SB_CARRY_CO_3$CARRY.COUT
Info:  0.0  5.5    Net exciterCore.ncoHalfStep_SB_LUT4_O_I3[7] budget 0.000000 ns (12,22) -> (12,22)
Info:                Sink exciterCore.ncoHalfStep_SB_LUT4_O_I3_SB_CARRY_CO_2$CARRY.CIN
Info:                Defined in:
Info:                  top.sv:90.15-99.8
Info:                  WSPRExciter.sv:39.24-39.60
Info:                  /usr/bin/../share/yosys/ice40/arith_map.v:51.21-51.22
Info:  0.3  5.8  Source exciterCore.ncoHalfStep_SB_LUT4_O_I3_SB_CARRY_CO_2$CARRY.COUT
Info:  0.6  6.3    Net exciterCore.ncoHalfStep_SB_LUT4_O_I3[8] budget 0.560000 ns (12,22) -> (12,23)
Info:                Sink exciterCore.ncoHalfStep_SB_LUT4_O_I3_SB_CARRY_CO_1$CARRY.CIN
Info:                Defined in:
Info:                  top.sv:90.15-99.8
Info:                  WSPRExciter.sv:39.24-39.60
Info:                  /usr/bin/../share/yosys/ice40/arith_map.v:51.21-51.22
Info:  0.3  6.6  Source exciterCore.ncoHalfStep_SB_LUT4_O_I3_SB_CARRY_CO_1$CARRY.COUT
Info:  0.0  6.6    Net exciterCore.ncoHalfStep_SB_LUT4_O_I3[9] budget 0.000000 ns (12,23) -> (12,23)
Info:                Sink exciterCore.ncoHalfStep_SB_LUT4_O_I3_SB_CARRY_CO$CARRY.CIN
Info:                Defined in:
Info:                  top.sv:90.15-99.8
Info:                  WSPRExciter.sv:39.24-39.60
Info:                  /usr/bin/../share/yosys/ice40/arith_map.v:51.21-51.22
Info:  0.3  6.9  Source exciterCore.ncoHalfStep_SB_LUT4_O_I3_SB_CARRY_CO$CARRY.COUT
Info:  0.0  6.9    Net exciterCore.ncoHalfStep_SB_LUT4_O_I3[10] budget 0.000000 ns (12,23) -> (12,23)
Info:                Sink exciterCore.ncoHalfStep_SB_LUT4_O_I3_SB_CARRY_CO_29$CARRY.CIN
Info:                Defined in:
Info:                  top.sv:90.15-99.8
Info:                  WSPRExciter.sv:39.24-39.60
Info:                  /usr/bin/../share/yosys/ice40/arith_map.v:51.21-51.22
Info:  0.3  7.2  Source exciterCore.ncoHalfStep_SB_LUT4_O_I3_SB_CARRY_CO_29$CARRY.COUT
Info:  0.0  7.2    Net exciterCore.ncoHalfStep_SB_LUT4_O_I3[11] budget 0.000000 ns (12,23) -> (12,23)
Info:                Sink exciterCore.ncoHalfStep_SB_LUT4_O_I3_SB_CARRY_CO_28$CARRY.CIN
Info:                Defined in:
Info:                  top.sv:90.15-99.8
Info:                  WSPRExciter.sv:39.24-39.60
Info:                  /usr/bin/../share/yosys/ice40/arith_map.v:51.21-51.22
Info:  0.3  7.4  Source exciterCore.ncoHalfStep_SB_LUT4_O_I3_SB_CARRY_CO_28$CARRY.COUT
Info:  0.0  7.4    Net exciterCore.ncoHalfStep_SB_LUT4_O_I3[12] budget 0.000000 ns (12,23) -> (12,23)
Info:                Sink exciterCore.ncoHalfStep_SB_LUT4_O_I3_SB_CARRY_CO_27$CARRY.CIN
Info:                Defined in:
Info:                  top.sv:90.15-99.8
Info:                  WSPRExciter.sv:39.24-39.60
Info:                  /usr/bin/../share/yosys/ice40/arith_map.v:51.21-51.22
Info:  0.3  7.7  Source exciterCore.ncoHalfStep_SB_LUT4_O_I3_SB_CARRY_CO_27$CARRY.COUT
Info:  0.0  7.7    Net exciterCore.ncoHalfStep_SB_LUT4_O_I3[13] budget 0.000000 ns (12,23) -> (12,23)
Info:                Sink exciterCore.ncoHalfStep_SB_LUT4_O_I3_SB_CARRY_CO_26$CARRY.CIN
Info:                Defined in:
Info:                  top.sv:90.15-99.8
Info:                  WSPRExciter.sv:39.24-39.60
Info:                  /usr/bin/../share/yosys/ice40/arith_map.v:51.21-51.22
Info:  0.3  8.0  Source exciterCore.ncoHalfStep_SB_LUT4_O_I3_SB_CARRY_CO_26$CARRY.COUT
Info:  0.0  8.0    Net exciterCore.ncoHalfStep_SB_LUT4_O_I3[14] budget 0.000000 ns (12,23) -> (12,23)
Info:                Sink exciterCore.ncoHalfStep_SB_LUT4_O_I3_SB_CARRY_CO_25$CARRY.CIN
Info:                Defined in:
Info:                  top.sv:90.15-99.8
Info:                  WSPRExciter.sv:39.24-39.60
Info:                  /usr/bin/../share/yosys/ice40/arith_map.v:51.21-51.22
Info:  0.3  8.3  Source exciterCore.ncoHalfStep_SB_LUT4_O_I3_SB_CARRY_CO_25$CARRY.COUT
Info:  0.0  8.3    Net exciterCore.ncoHalfStep_SB_LUT4_O_I3[15] budget 0.000000 ns (12,23) -> (12,23)
Info:                Sink exciterCore.ncoHalfStep_SB_LUT4_O_I3_SB_CARRY_CO_24$CARRY.CIN
Info:                Defined in:
Info:                  top.sv:90.15-99.8
Info:                  WSPRExciter.sv:39.24-39.60
Info:                  /usr/bin/../share/yosys/ice40/arith_map.v:51.21-51.22
Info:  0.3  8.6  Source exciterCore.ncoHalfStep_SB_LUT4_O_I3_SB_CARRY_CO_24$CARRY.COUT
Info:  0.6  9.1    Net exciterCore.ncoHalfStep_SB_LUT4_O_I3[16] budget 0.560000 ns (12,23) -> (12,24)
Info:                Sink exciterCore.ncoHalfStep_SB_LUT4_O_15_LC.CIN
Info:                Defined in:
Info:                  top.sv:90.15-99.8
Info:                  WSPRExciter.sv:39.24-39.60
Info:                  /usr/bin/../share/yosys/ice40/arith_map.v:51.21-51.22
Info:  0.3  9.4  Source exciterCore.ncoHalfStep_SB_LUT4_O_15_LC.COUT
Info:  0.0  9.4    Net exciterCore.ncoHalfStep_SB_LUT4_O_I3[17] budget 0.000000 ns (12,24) -> (12,24)
Info:                Sink exciterCore.ncoHalfStep_SB_LUT4_O_14_LC.CIN
Info:                Defined in:
Info:                  top.sv:90.15-99.8
Info:                  WSPRExciter.sv:39.24-39.60
Info:                  /usr/bin/../share/yosys/ice40/arith_map.v:51.21-51.22
Info:  0.3  9.7  Source exciterCore.ncoHalfStep_SB_LUT4_O_14_LC.COUT
Info:  0.0  9.7    Net exciterCore.ncoHalfStep_SB_LUT4_O_I3[18] budget 0.000000 ns (12,24) -> (12,24)
Info:                Sink exciterCore.ncoHalfStep_SB_LUT4_O_13_LC.CIN
Info:                Defined in:
Info:                  top.sv:90.15-99.8
Info:                  WSPRExciter.sv:39.24-39.60
Info:                  /usr/bin/../share/yosys/ice40/arith_map.v:51.21-51.22
Info:  0.3  9.9  Source exciterCore.ncoHalfStep_SB_LUT4_O_13_LC.COUT
Info:  0.0  9.9    Net exciterCore.ncoHalfStep_SB_LUT4_O_I3[19] budget 0.000000 ns (12,24) -> (12,24)
Info:                Sink exciterCore.ncoHalfStep_SB_LUT4_O_12_LC.CIN
Info:                Defined in:
Info:                  top.sv:90.15-99.8
Info:                  WSPRExciter.sv:39.24-39.60
Info:                  /usr/bin/../share/yosys/ice40/arith_map.v:51.21-51.22
Info:  0.3 10.2  Source exciterCore.ncoHalfStep_SB_LUT4_O_12_LC.COUT
Info:  0.0 10.2    Net exciterCore.ncoHalfStep_SB_LUT4_O_I3[20] budget 0.000000 ns (12,24) -> (12,24)
Info:                Sink exciterCore.ncoHalfStep_SB_LUT4_O_11_LC.CIN
Info:                Defined in:
Info:                  top.sv:90.15-99.8
Info:                  WSPRExciter.sv:39.24-39.60
Info:                  /usr/bin/../share/yosys/ice40/arith_map.v:51.21-51.22
Info:  0.3 10.5  Source exciterCore.ncoHalfStep_SB_LUT4_O_11_LC.COUT
Info:  0.0 10.5    Net exciterCore.ncoHalfStep_SB_LUT4_O_I3[21] budget 0.000000 ns (12,24) -> (12,24)
Info:                Sink exciterCore.ncoHalfStep_SB_LUT4_O_10_LC.CIN
Info:                Defined in:
Info:                  top.sv:90.15-99.8
Info:                  WSPRExciter.sv:39.24-39.60
Info:                  /usr/bin/../share/yosys/ice40/arith_map.v:51.21-51.22
Info:  0.3 10.8  Source exciterCore.ncoHalfStep_SB_LUT4_O_10_LC.COUT
Info:  0.0 10.8    Net exciterCore.ncoHalfStep_SB_LUT4_O_I3[22] budget 0.000000 ns (12,24) -> (12,24)
Info:                Sink exciterCore.ncoHalfStep_SB_LUT4_O_9_LC.CIN
Info:                Defined in:
Info:                  top.sv:90.15-99.8
Info:                  WSPRExciter.sv:39.24-39.60
Info:                  /usr/bin/../share/yosys/ice40/arith_map.v:51.21-51.22
Info:  0.3 11.1  Source exciterCore.ncoHalfStep_SB_LUT4_O_9_LC.COUT
Info:  0.0 11.1    Net exciterCore.ncoHalfStep_SB_LUT4_O_I3[23] budget 0.000000 ns (12,24) -> (12,24)
Info:                Sink exciterCore.ncoHalfStep_SB_LUT4_O_8_LC.CIN
Info:                Defined in:
Info:                  top.sv:90.15-99.8
Info:                  WSPRExciter.sv:39.24-39.60
Info:                  /usr/bin/../share/yosys/ice40/arith_map.v:51.21-51.22
Info:  0.3 11.3  Source exciterCore.ncoHalfStep_SB_LUT4_O_8_LC.COUT
Info:  1.2 12.6    Net exciterCore.ncoHalfStep_SB_LUT4_O_I3[24] budget 1.220000 ns (12,24) -> (12,25)
Info:                Sink exciterCore.ncoHalfStep_SB_LUT4_O_7_LC.I3
Info:                Defined in:
Info:                  top.sv:90.15-99.8
Info:                  WSPRExciter.sv:39.24-39.60
Info:                  /usr/bin/../share/yosys/ice40/arith_map.v:51.21-51.22
Info:  0.9 13.4  Source exciterCore.ncoHalfStep_SB_LUT4_O_7_LC.O
Info:  1.8 15.2    Net exciterCore.ncoHalfStep[24] budget 0.000000 ns (12,25) -> (13,24)
Info:                Sink exciterCore.ncoHalfStep_SB_CARRY_I0_1$CARRY.I2
Info:                Defined in:
Info:                  top.sv:90.15-99.8
Info:                  WSPRExciter.sv:28.16-28.27
Info:  0.6 15.8  Source exciterCore.ncoHalfStep_SB_CARRY_I0_1$CARRY.COUT
Info:  0.6 16.4    Net exciterCore.stateLow_SB_DFF_Q_D[9] budget 0.560000 ns (13,24) -> (13,25)
Info:                Sink exciterCore.ncoHalfStep_SB_CARRY_I0$CARRY.CIN
Info:                Defined in:
Info:                  /usr/bin/../share/yosys/ice40/arith_map.v:51.21-51.22
Info:  0.3 16.6  Source exciterCore.ncoHalfStep_SB_CARRY_I0$CARRY.COUT
Info:  0.0 16.6    Net exciterCore.stateLow_SB_DFF_Q_D[10] budget 0.000000 ns (13,25) -> (13,25)
Info:                Sink exciterCore.ncoHalfStep_SB_CARRY_I0_15$CARRY.CIN
Info:                Defined in:
Info:                  /usr/bin/../share/yosys/ice40/arith_map.v:51.21-51.22
Info:  0.3 16.9  Source exciterCore.ncoHalfStep_SB_CARRY_I0_15$CARRY.COUT
Info:  0.0 16.9    Net exciterCore.stateLow_SB_DFF_Q_D[11] budget 0.000000 ns (13,25) -> (13,25)
Info:                Sink exciterCore.ncoHalfStep_SB_CARRY_I0_14$CARRY.CIN
Info:                Defined in:
Info:                  /usr/bin/../share/yosys/ice40/arith_map.v:51.21-51.22
Info:  0.3 17.2  Source exciterCore.ncoHalfStep_SB_CARRY_I0_14$CARRY.COUT
Info:  0.0 17.2    Net exciterCore.stateLow_SB_DFF_Q_D[12] budget 0.000000 ns (13,25) -> (13,25)
Info:                Sink exciterCore.ncoHalfStep_SB_CARRY_I0_13$CARRY.CIN
Info:                Defined in:
Info:                  /usr/bin/../share/yosys/ice40/arith_map.v:51.21-51.22
Info:  0.3 17.5  Source exciterCore.ncoHalfStep_SB_CARRY_I0_13$CARRY.COUT
Info:  0.0 17.5    Net exciterCore.stateLow_SB_DFF_Q_D[13] budget 0.000000 ns (13,25) -> (13,25)
Info:                Sink exciterCore.ncoHalfStep_SB_CARRY_I0_12$CARRY.CIN
Info:                Defined in:
Info:                  /usr/bin/../share/yosys/ice40/arith_map.v:51.21-51.22
Info:  0.3 17.7  Source exciterCore.ncoHalfStep_SB_CARRY_I0_12$CARRY.COUT
Info:  0.0 17.7    Net exciterCore.stateLow_SB_DFF_Q_D[14] budget 0.000000 ns (13,25) -> (13,25)
Info:                Sink exciterCore.ncoHalfStep_SB_CARRY_I0_11$CARRY.CIN
Info:                Defined in:
Info:                  /usr/bin/../share/yosys/ice40/arith_map.v:51.21-51.22
Info:  0.3 18.0  Source exciterCore.ncoHalfStep_SB_CARRY_I0_11$CARRY.COUT
Info:  0.0 18.0    Net exciterCore.stateLow_SB_DFF_Q_D[15] budget 0.000000 ns (13,25) -> (13,25)
Info:                Sink exciterCore.stateLow_SB_DFF_Q_2_D_SB_LUT4_O_1_LC.CIN
Info:                Defined in:
Info:                  /usr/bin/../share/yosys/ice40/arith_map.v:51.21-51.22
Info:  0.3 18.3  Source exciterCore.stateLow_SB_DFF_Q_2_D_SB_LUT4_O_1_LC.COUT
Info:  0.0 18.3    Net exciterCore.stateLow_SB_DFF_Q_D[16] budget 0.000000 ns (13,25) -> (13,25)
Info:                Sink exciterCore.stateLow_SB_DFF_Q_2_D_SB_LUT4_O_LC.CIN
Info:                Defined in:
Info:                  /usr/bin/../share/yosys/ice40/arith_map.v:51.21-51.22
Info:  0.3 18.6  Source exciterCore.stateLow_SB_DFF_Q_2_D_SB_LUT4_O_LC.COUT
Info:  1.2 19.8    Net $nextpnr_ICESTORM_LC_0$I3 budget 1.220000 ns (13,25) -> (13,26)
Info:                Sink $nextpnr_ICESTORM_LC_0.I3
Info:  0.9 20.7  Source $nextpnr_ICESTORM_LC_0.O
Info:  1.8 22.4    Net exciterCore.stateLow_SB_DFF_Q_2_D[17] budget 69.058998 ns (13,26) -> (13,26)
Info:                Sink exciterCore.stateLow_SB_DFF_Q_DFFLC.I0
Info:                Defined in:
Info:                  /usr/bin/../share/yosys/ice40/arith_map.v:51.21-51.22
Info:  1.2 23.7  Setup exciterCore.stateLow_SB_DFF_Q_DFFLC.I0
Info: 14.3 ns logic, 9.4 ns routing

Info: Critical path report for clock 'fpgaSCLK$SB_IO_IN' (posedge -> negedge):
Info: curr total
Info:  1.4  1.4  Source spiCore.bitCount_SB_DFFR_Q_5_DFFLC.O
Info:  3.0  4.3    Net spiCore.bitCount[0] budget 0.000000 ns (13,14) -> (15,15)
Info:                Sink spiCore.bitCount_SB_DFFR_Q_5_D_SB_LUT4_O_5_LC.I3
Info:                Defined in:
Info:                  top.sv:76.16-88.5
Info:                  SPIRegisters.sv:63.19-63.31
Info:                  /usr/bin/../share/yosys/ice40/arith_map.v:51.21-51.22
Info:  0.9  5.2  Source spiCore.bitCount_SB_DFFR_Q_5_D_SB_LUT4_O_5_LC.O
Info:  1.8  7.0    Net spiCore.bitCount_SB_DFFR_Q_5_D[0] budget 0.000000 ns (15,15) -> (14,15)
Info:                Sink $nextpnr_ICESTORM_LC_3.I1
Info:                Defined in:
Info:                  top.sv:76.16-88.5
Info:                  SPIRegisters.sv:95.20-95.32
Info:                  /usr/bin/../share/yosys/ice40/arith_map.v:51.21-51.22
Info:  0.7  7.7  Source $nextpnr_ICESTORM_LC_3.COUT
Info:  0.0  7.7    Net $nextpnr_ICESTORM_LC_3$O budget 0.000000 ns (14,15) -> (14,15)
Info:                Sink spiCore.isWrite_SB_LUT4_I3_O_SB_LUT4_I3_O_SB_LUT4_O_I3_SB_CARRY_CO_CI_SB_CARRY_CO_3$CARRY.CIN
Info:  0.3  7.9  Source spiCore.isWrite_SB_LUT4_I3_O_SB_LUT4_I3_O_SB_LUT4_O_I3_SB_CARRY_CO_CI_SB_CARRY_CO_3$CARRY.COUT
Info:  0.0  7.9    Net spiCore.isWrite_SB_LUT4_I3_O_SB_LUT4_I3_O_SB_LUT4_O_I3[1] budget 0.000000 ns (14,15) -> (14,15)
Info:                Sink spiCore.isWrite_SB_LUT4_I3_O_SB_LUT4_I3_O_SB_LUT4_O_I3_SB_CARRY_CO_CI_SB_CARRY_CO_2$CARRY.CIN
Info:                Defined in:
Info:                  top.sv:76.16-88.5
Info:                  SPIRegisters.sv:95.20-95.32
Info:                  /usr/bin/../share/yosys/ice40/arith_map.v:51.21-51.22
Info:  0.3  8.2  Source spiCore.isWrite_SB_LUT4_I3_O_SB_LUT4_I3_O_SB_LUT4_O_I3_SB_CARRY_CO_CI_SB_CARRY_CO_2$CARRY.COUT
Info:  0.0  8.2    Net spiCore.isWrite_SB_LUT4_I3_O_SB_LUT4_I3_O_SB_LUT4_O_I3[2] budget 0.000000 ns (14,15) -> (14,15)
Info:                Sink spiCore.isWrite_SB_LUT4_I3_O_SB_LUT4_I3_O_SB_LUT4_O_I3_SB_CARRY_CO_CI_SB_CARRY_CO_1$CARRY.CIN
Info:                Defined in:
Info:                  top.sv:76.16-88.5
Info:                  SPIRegisters.sv:95.20-95.32
Info:                  /usr/bin/../share/yosys/ice40/arith_map.v:51.21-51.22
Info:  0.3  8.5  Source spiCore.isWrite_SB_LUT4_I3_O_SB_LUT4_I3_O_SB_LUT4_O_I3_SB_CARRY_CO_CI_SB_CARRY_CO_1$CARRY.COUT
Info:  0.0  8.5    Net spiCore.isWrite_SB_LUT4_I3_O_SB_LUT4_I3_O_SB_LUT4_O_I3[3] budget 0.000000 ns (14,15) -> (14,15)
Info:                Sink spiCore.isWrite_SB_LUT4_I3_O_SB_LUT4_I3_O_SB_LUT4_O_I3_SB_CARRY_CO_CI_SB_CARRY_CO$CARRY.CIN
Info:                Defined in:
Info:                  top.sv:76.16-88.5
Info:                  SPIRegisters.sv:95.20-95.32
Info:                  /usr/bin/../share/yosys/ice40/arith_map.v:51.21-51.22
Info:  0.3  8.8  Source spiCore.isWrite_SB_LUT4_I3_O_SB_LUT4_I3_O_SB_LUT4_O_I3_SB_CARRY_CO_CI_SB_CARRY_CO$CARRY.COUT
Info:  0.0  8.8    Net spiCore.isWrite_SB_LUT4_I3_O_SB_LUT4_I3_O_SB_LUT4_O_I3[4] budget 0.000000 ns (14,15) -> (14,15)
Info:                Sink spiCore.isWrite_SB_LUT4_I3_O_SB_LUT4_I3_O_SB_LUT4_O_I3_SB_CARRY_CO$CARRY.CIN
Info:                Defined in:
Info:                  top.sv:76.16-88.5
Info:                  SPIRegisters.sv:95.20-95.32
Info:                  /usr/bin/../share/yosys/ice40/arith_map.v:51.21-51.22
Info:  0.3  9.0  Source spiCore.isWrite_SB_LUT4_I3_O_SB_LUT4_I3_O_SB_LUT4_O_I3_SB_CARRY_CO$CARRY.COUT
Info:  0.7  9.7    Net $nextpnr_ICESTORM_LC_4$I3 budget 0.660000 ns (14,15) -> (14,15)
Info:                Sink $nextpnr_ICESTORM_LC_4.I3
Info:  0.9 10.6  Source $nextpnr_ICESTORM_LC_4.O
Info:  2.8 13.4    Net spiCore.isWrite_SB_LUT4_I0_I1[2] budget 26.617001 ns (14,15) -> (10,15)
Info:                Sink spiCore.isWrite_SB_LUT4_I3_O_SB_LUT4_I3_O_SB_LUT4_O_I3_SB_LUT4_I3_LC.I3
Info:                Defined in:
Info:                  top.sv:76.16-88.5
Info:                  SPIRegisters.sv:95.20-95.32
Info:                  /usr/bin/../share/yosys/ice40/arith_map.v:37.23-37.25
Info:  0.9 14.3  Source spiCore.isWrite_SB_LUT4_I3_O_SB_LUT4_I3_O_SB_LUT4_O_I3_SB_LUT4_I3_LC.O
Info:  3.1 17.4    Net spiCore.isWrite_SB_LUT4_I3_O_SB_LUT4_I3_O_SB_LUT4_O_I3_SB_LUT4_I3_O budget 8.872000 ns (10,15) -> (9,16)
Info:                Sink spiCore.fpgaMISO_SB_DFFNER_Q_D_SB_LUT4_O_LC.CEN
Info:  0.1 17.5  Setup spiCore.fpgaMISO_SB_DFFNER_Q_D_SB_LUT4_O_LC.CEN
Info: 6.2 ns logic, 11.3 ns routing

Info: Critical path report for cross-domain path '<async>' -> 'posedge clk45':
Info: curr total
Info:  0.0  0.0  Source gnssPPS$sb_io.D_IN_0
Info:  1.8  1.8    Net gnssPPS$SB_IO_IN budget 82.098999 ns (13,0) -> (13,1)
Info:                Sink freqCounter.ppsSyncronizer.pipe_SB_DFF_Q_DFFLC.I0
Info:                Defined in:
Info:                  top.sv:4.18-4.25
Info:  1.2  3.0  Setup freqCounter.ppsSyncronizer.pipe_SB_DFF_Q_DFFLC.I0
Info: 1.2 ns logic, 1.8 ns routing

Info: Critical path report for cross-domain path '<async>' -> 'posedge fpgaSCLK$SB_IO_IN':
Info: curr total
Info:  0.0  0.0  Source fpgaNCS$sb_io.D_IN_0
Info:  6.0  6.0    Net fpgaNCS$SB_IO_IN budget 26.941000 ns (24,0) -> (14,16)
Info:                Sink spiCore.isWrite_SB_LUT4_I3_O_SB_LUT4_I3_LC.I2
Info:                Defined in:
Info:                  /usr/bin/../share/yosys/ice40/cells_map.v:6.21-6.22
Info:  1.2  7.2  Source spiCore.isWrite_SB_LUT4_I3_O_SB_LUT4_I3_LC.O
Info:  3.0 10.2    Net spiCore.isWrite_SB_LUT4_I3_O_SB_LUT4_I3_O[2] budget 15.439000 ns (14,16) -> (14,20)
Info:                Sink spiCore.isWrite_SB_LUT4_I3_O_SB_LUT4_I3_O_SB_LUT4_I1_1_LC.I2
Info:                Defined in:
Info:                  /usr/bin/../share/yosys/ice40/cells_map.v:6.21-6.22
Info:  1.2 11.4  Source spiCore.isWrite_SB_LUT4_I3_O_SB_LUT4_I3_O_SB_LUT4_I1_1_LC.O
Info:  3.1 14.5    Net spiCore.isWrite_SB_LUT4_I3_O_SB_LUT4_I3_O_SB_LUT4_I1_1_O budget 15.439000 ns (14,20) -> (15,19)
Info:                Sink spiCore.tuningWord_SB_DFFE_Q_13_DFFLC.CEN
Info:  0.1 14.6  Setup spiCore.tuningWord_SB_DFFE_Q_13_DFFLC.CEN
Info: 2.5 ns logic, 12.1 ns routing

Info: Critical path report for cross-domain path '<async>' -> 'negedge fpgaSCLK$SB_IO_IN':
Info: curr total
Info:  0.0  0.0  Source fpgaNCS$sb_io.D_IN_0
Info:  6.5  6.5    Net fpgaNCS$SB_IO_IN budget 41.566002 ns (24,0) -> (9,16)
Info:                Sink spiCore.fpgaMISO_SB_DFFNER_Q_D_SB_LUT4_O_LC.SR
Info:                Defined in:
Info:                  /usr/bin/../share/yosys/ice40/cells_map.v:6.21-6.22
Info:  0.1  6.6  Setup spiCore.fpgaMISO_SB_DFFNER_Q_D_SB_LUT4_O_LC.SR
Info: 0.1 ns logic, 6.5 ns routing

Info: Critical path report for cross-domain path 'posedge clk45' -> '<async>':
Info: curr total
Info:  1.4  1.4  Source exciterCore.pullBaseHigh_SB_DFFSR_Q_D_SB_LUT4_O_LC.O
Info:  6.9  8.3    Net exciterCore.pullBaseHigh budget 81.943001 ns (8,25) -> (7,0)
Info:                Sink exciterCore.ioPullBase.D_OUT_0
Info:                Defined in:
Info:                  top.sv:90.15-99.8
Info:                  WSPRExciter.sv:64.9-64.21
Info: 1.4 ns logic, 6.9 ns routing

Info: Critical path report for cross-domain path 'posedge clk45' -> 'negedge fpgaSCLK$SB_IO_IN':
Info: curr total
Info:  1.4  1.4  Source exciterCore.tuningWord_q_SB_DFF_Q_26_DFFLC.O
Info:  3.0  4.3    Net exciterCore.tuningWord_q[5] budget 12.313000 ns (12,21) -> (12,18)
Info:                Sink spiCore.readBuf_SB_DFFNER_Q_25_D_SB_LUT4_O_I1_SB_LUT4_O_I3_SB_LUT4_O_LC.I0
Info:                Defined in:
Info:                  top.sv:76.16-88.5
Info:                  SPIRegisters.sv:69.16-69.29
Info:  1.3  5.6  Source spiCore.readBuf_SB_DFFNER_Q_25_D_SB_LUT4_O_I1_SB_LUT4_O_I3_SB_LUT4_O_LC.O
Info:  3.0  8.6    Net spiCore.readBuf_SB_DFFNER_Q_25_D_SB_LUT4_O_I1_SB_LUT4_O_I3[2] budget 8.857000 ns (12,18) -> (12,14)
Info:                Sink spiCore.readBuf_SB_DFFNER_Q_25_D_SB_LUT4_O_I1_SB_LUT4_O_LC.I3
Info:                Defined in:
Info:                  /usr/bin/../share/yosys/ice40/cells_map.v:6.21-6.22
Info:  0.9  9.5  Source spiCore.readBuf_SB_DFFNER_Q_25_D_SB_LUT4_O_I1_SB_LUT4_O_LC.O
Info:  1.8 11.2    Net spiCore.readBuf_SB_DFFNER_Q_25_D_SB_LUT4_O_I1[1] budget 8.857000 ns (12,14) -> (11,14)
Info:                Sink spiCore.readBuf_SB_DFFNER_Q_25_D_SB_LUT4_O_LC.I1
Info:                Defined in:
Info:                  /usr/bin/../share/yosys/ice40/cells_map.v:6.21-6.22
Info:  1.2 12.4  Setup spiCore.readBuf_SB_DFFNER_Q_25_D_SB_LUT4_O_LC.I1
Info: 4.7 ns logic, 7.7 ns routing

Info: Critical path report for cross-domain path 'posedge fpgaSCLK$SB_IO_IN' -> '<async>':
Info: curr total
Info:  1.4  1.4  Source spiCore.txEnable_SB_DFFE_Q_DFFLC.O
Info:  4.8  6.2    Net txEnable budget 26.552999 ns (10,20) -> (1,30)
Info:                Sink exciterCore.txEnSync.dIn_SB_LUT4_O_LC.I2
Info:                Defined in:
Info:                  top.sv:46.9-46.17
Info:  1.2  7.4  Source exciterCore.txEnSync.dIn_SB_LUT4_O_LC.O
Info:  4.5 11.9    Net exciterCore.txEnable budget 26.552999 ns (1,30) -> (18,30)
Info:                Sink driverEnableState_SB_LUT4_O_LC.I3
Info:                Defined in:
Info:                  top.sv:90.15-99.8
Info:                  WSPRExciter.sv:5.20-5.28
Info:  0.9 12.7  Source driverEnableState_SB_LUT4_O_LC.O
Info:  1.8 14.5    Net driverEnableState budget 26.552999 ns (18,30) -> (19,31)
Info:                Sink ioDriverNEN.D_OUT_0
Info:                Defined in:
Info:                  top.sv:51.9-51.26
Info:  0.2 14.7  Setup ioDriverNEN.D_OUT_0
Info: 3.7 ns logic, 11.0 ns routing

Info: Critical path report for cross-domain path 'posedge fpgaSCLK$SB_IO_IN' -> 'posedge clk45':
Info: curr total
Info:  1.4  1.4  Source spiCore.txEnable_SB_DFFE_Q_DFFLC.O
Info:  4.8  6.2    Net txEnable budget 26.552999 ns (10,20) -> (1,30)
Info:                Sink exciterCore.txEnSync.dIn_SB_LUT4_O_LC.I2
Info:                Defined in:
Info:                  top.sv:46.9-46.17
Info:  1.2  7.4  Source exciterCore.txEnSync.dIn_SB_LUT4_O_LC.O
Info:  3.4 10.8    Net exciterCore.txEnable budget 39.751999 ns (1,30) -> (11,30)
Info:                Sink exciterCore.txEnSync.pipe_SB_DFF_Q_DFFLC.I0
Info:                Defined in:
Info:                  top.sv:90.15-99.8
Info:                  WSPRExciter.sv:5.20-5.28
Info:  1.2 12.0  Setup exciterCore.txEnSync.pipe_SB_DFF_Q_DFFLC.I0
Info: 3.8 ns logic, 8.2 ns routing

Info: Critical path report for cross-domain path 'negedge fpgaSCLK$SB_IO_IN' -> '<async>':
Info: curr total
Info:  1.4  1.4  Source spiCore.fpgaMISO_SB_DFFNER_Q_D_SB_LUT4_O_LC.O
Info:  6.4  7.8    Net fpgaMISO$SB_IO_OUT budget 40.276001 ns (9,16) -> (23,0)
Info:                Sink fpgaMISO$sb_io.D_OUT_0
Info:                Defined in:
Info:                  top.sv:76.16-88.5
Info:                  SPIRegisters.sv:9.21-9.29
Info: 1.4 ns logic, 6.4 ns routing

Info: Max frequency for clock             'clk45': 42.26 MHz (PASS at 12.00 MHz)
Info: Max frequency for clock 'fpgaSCLK$SB_IO_IN': 28.58 MHz (PASS at 12.00 MHz)

Info: Max delay <async>                   -> posedge clk45            : 2.99 ns
Info: Max delay <async>                   -> posedge fpgaSCLK$SB_IO_IN: 14.58 ns
Info: Max delay <async>                   -> negedge fpgaSCLK$SB_IO_IN: 6.60 ns
Info: Max delay posedge clk45             -> <async>                  : 8.34 ns
Info: Max delay posedge clk45             -> negedge fpgaSCLK$SB_IO_IN: 12.39 ns
Info: Max delay posedge fpgaSCLK$SB_IO_IN -> <async>                  : 14.70 ns
Info: Max delay posedge fpgaSCLK$SB_IO_IN -> posedge clk45            : 12.01 ns
Info: Max delay negedge fpgaSCLK$SB_IO_IN -> <async>                  : 7.76 ns

Info: Slack histogram:
Info:  legend: * represents 6 endpoint(s)
Info:          + represents [1,6) endpoint(s)
Info: [ 24171,  26980) |*****+
Info: [ 26980,  29789) |*********+
Info: [ 29789,  32598) |********+
Info: [ 32598,  35407) |****+
Info: [ 35407,  38216) |**+
Info: [ 38216,  41025) | 
Info: [ 41025,  43834) | 
Info: [ 43834,  46643) | 
Info: [ 46643,  49452) | 
Info: [ 49452,  52261) | 
Info: [ 52261,  55070) | 
Info: [ 55070,  57879) | 
Info: [ 57879,  60688) |+
Info: [ 60688,  63497) | 
Info: [ 63497,  66306) |**********+
Info: [ 66306,  69115) |****+
Info: [ 69115,  71924) |**********+
Info: [ 71924,  74733) |**********+
Info: [ 74733,  77542) |***************+
Info: [ 77542,  80351) |************************************************************ 
1 warning, 0 errors

Info: Program finished normally.
